Preloaded 'lib_burst_generated.so'
Preloaded 'libsteam_api.so'
Display 0 'DELL U2412M 24"': 1920x1200 (primary device).
Desktop is 1920 x 1200 @ 60 Hz
Initialize engine version: 2021.3.13f1 (9e7d58001ecf)
[Subsystems] Discovering subsystems at path /home/louues/.local/share/Steam/steamapps/common/Super Auto Pets/SuperAutoPets_Data/UnitySubsystems
GfxDevice: creating device client; threaded=1; jobified=0
Renderer: NVIDIA GeForce GTX 1050 Ti/PCIe/SSE2
Vendor:   NVIDIA Corporation
Version:  4.5.0 NVIDIA 530.41.03
GLES:     0
 GL_AMD_multi_draw_indirect GL_AMD_seamless_cubemap_per_texture GL_AMD_vertex_shader_viewport_index GL_AMD_vertex_shader_layer GL_ARB_arrays_of_arrays GL_ARB_base_instance GL_ARB_bindless_texture GL_ARB_blend_func_extended GL_ARB_buffer_storage GL_ARB_clear_buffer_object GL_ARB_clear_texture GL_ARB_clip_control GL_ARB_color_buffer_float GL_ARB_compressed_texture_pixel_storage GL_ARB_conservative_depth GL_ARB_compute_shader GL_ARB_compute_variable_group_size GL_ARB_conditional_render_inverted GL_ARB_copy_buffer GL_ARB_copy_image GL_ARB_cull_distance GL_ARB_debug_output GL_ARB_depth_buffer_float GL_ARB_depth_clamp GL_ARB_depth_texture GL_ARB_derivative_control GL_ARB_direct_state_access GL_ARB_draw_buffers GL_ARB_draw_buffers_blend GL_ARB_draw_indirect GL_ARB_draw_elements_base_vertex GL_ARB_draw_instanced GL_ARB_enhanced_layouts GL_ARB_ES2_compatibility GL_ARB_ES3_compatibility GL_ARB_ES3_1_compatibility GL_ARB_ES3_2_compatibility GL_ARB_explicit_attrib_location GL_ARB_explicit_uniform_location GL_ARB_fragmen
t_coord_conventions GL_ARB_fragment_layer_viewport GL_ARB_fragment_program GL_ARB_fragment_program_shadow GL_ARB_fragment_shader GL_ARB_fragment_shader_interlock GL_ARB_framebuffer_no_attachments GL_ARB_framebuffer_object GL_ARB_framebuffer_sRGB GL_ARB_geometry_shader4 GL_ARB_get_program_binary GL_ARB_get_texture_sub_image GL_ARB_gl_spirv GL_ARB_gpu_shader5 GL_ARB_gpu_shader_fp64 GL_ARB_gpu_shader_int64 GL_ARB_half_float_pixel GL_ARB_half_float_vertex GL_ARB_imaging GL_ARB_indirect_parameters GL_ARB_instanced_arrays GL_ARB_internalformat_query GL_ARB_internalformat_query2 GL_ARB_invalidate_subdata GL_ARB_map_buffer_alignment GL_ARB_map_buffer_range GL_ARB_multi_bind GL_ARB_multi_draw_indirect GL_ARB_multisample GL_ARB_multitexture GL_ARB_occlusion_query GL_ARB_occlusion_query2 GL_ARB_parallel_shader_compile GL_ARB_pipeline_statistics_query GL_ARB_pixel_buffer_object GL_ARB_point_parameters GL_ARB_point_sprite GL_ARB_polygon_offset_clamp GL_ARB_post_depth_coverage GL_ARB_program_interface_query GL_ARB_provoki
ng_vertex GL_ARB_query_buffer_object GL_ARB_robust_buffer_access_behavior GL_ARB_robustness GL_ARB_sample_locations GL_ARB_sample_shading GL_ARB_sampler_objects GL_ARB_seamless_cube_map GL_ARB_seamless_cubemap_per_texture GL_ARB_separate_shader_objects GL_ARB_shader_atomic_counter_ops GL_ARB_shader_atomic_counters GL_ARB_shader_ballot GL_ARB_shader_bit_encoding GL_ARB_shader_clock GL_ARB_shader_draw_parameters GL_ARB_shader_group_vote GL_ARB_shader_image_load_store GL_ARB_shader_image_size GL_ARB_shader_objects GL_ARB_shader_precision GL_ARB_shader_storage_buffer_object GL_ARB_shader_subroutine GL_ARB_shader_texture_image_samples GL_ARB_shader_texture_lod GL_ARB_shading_language_100 GL_ARB_shader_viewport_layer_array GL_ARB_shading_language_420pack GL_ARB_shading_language_include GL_ARB_shading_language_packing GL_ARB_shadow GL_ARB_sparse_buffer GL_ARB_sparse_texture GL_ARB_sparse_texture2 GL_ARB_sparse_texture_clamp GL_ARB_spirv_extensions GL_ARB_stencil_texturing GL_ARB_sync GL_ARB_tessellation_shader GL_A
RB_texture_barrier GL_ARB_texture_border_clamp GL_ARB_texture_buffer_object GL_ARB_texture_buffer_object_rgb32 GL_ARB_texture_buffer_range GL_ARB_texture_compression GL_ARB_texture_compression_bptc GL_ARB_texture_compression_rgtc GL_ARB_texture_cube_map GL_ARB_texture_cube_map_array GL_ARB_texture_env_add GL_ARB_texture_env_combine GL_ARB_texture_env_crossbar GL_ARB_texture_env_dot3 GL_ARB_texture_filter_anisotropic GL_ARB_texture_filter_minmax GL_ARB_texture_float GL_ARB_texture_gather GL_ARB_texture_mirror_clamp_to_edge GL_ARB_texture_mirrored_repeat GL_ARB_texture_multisample GL_ARB_texture_non_power_of_two GL_ARB_texture_query_levels GL_ARB_texture_query_lod GL_ARB_texture_rectangle GL_ARB_texture_rg GL_ARB_texture_rgb10_a2ui GL_ARB_texture_stencil8 GL_ARB_texture_storage GL_ARB_texture_storage_multisample GL_ARB_texture_swizzle GL_ARB_texture_view GL_ARB_timer_query GL_ARB_transform_feedback2 GL_ARB_transform_feedback3 GL_ARB_transform_feedback_instanced GL_ARB_transform_feedback_overflow_query GL_ARB_t
ranspose_matrix GL_ARB_uniform_buffer_object GL_ARB_vertex_array_bgra GL_ARB_vertex_array_object GL_ARB_vertex_attrib_64bit GL_ARB_vertex_attrib_binding GL_ARB_vertex_buffer_object GL_ARB_vertex_program GL_ARB_vertex_shader GL_ARB_vertex_type_10f_11f_11f_rev GL_ARB_vertex_type_2_10_10_10_rev GL_ARB_viewport_array GL_ARB_window_pos GL_ATI_draw_buffers GL_ATI_texture_float GL_ATI_texture_mirror_once GL_S3_s3tc GL_EXT_texture_env_add GL_EXT_abgr GL_EXT_bgra GL_EXT_bindable_uniform GL_EXT_blend_color GL_EXT_blend_equation_separate GL_EXT_blend_func_separate GL_EXT_blend_minmax GL_EXT_blend_subtract GL_EXT_compiled_vertex_array GL_EXT_Cg_shader GL_EXT_depth_bounds_test GL_EXT_direct_state_access GL_EXT_draw_buffers2 GL_EXT_draw_instanced GL_EXT_draw_range_elements GL_EXT_fog_coord GL_EXT_framebuffer_blit GL_EXT_framebuffer_multisample GL_EXTX_framebuffer_mixed_formats GL_EXT_framebuffer_multisample_blit_scaled GL_EXT_framebuffer_object GL_EXT_framebuffer_sRGB GL_EXT_geometry_shader4 GL_EXT_gpu_program_parameters 
GL_EXT_gpu_shader4 GL_EXT_multi_draw_arrays GL_EXT_multiview_texture_multisample GL_EXT_multiview_timer_query GL_EXT_packed_depth_stencil GL_EXT_packed_float GL_EXT_packed_pixels GL_EXT_pixel_buffer_object GL_EXT_point_parameters GL_EXT_polygon_offset_clamp GL_EXT_post_depth_coverage GL_EXT_provoking_vertex GL_EXT_raster_multisample GL_EXT_rescale_normal GL_EXT_secondary_color GL_EXT_separate_shader_objects GL_EXT_separate_specular_color GL_EXT_shader_image_load_formatted GL_EXT_shader_image_load_store GL_EXT_shader_integer_mix GL_EXT_shadow_funcs GL_EXT_sparse_texture2 GL_EXT_stencil_two_side GL_EXT_stencil_wrap GL_EXT_texture3D GL_EXT_texture_array GL_EXT_texture_buffer_object GL_EXT_texture_compression_dxt1 GL_EXT_texture_compression_latc GL_EXT_texture_compression_rgtc GL_EXT_texture_compression_s3tc GL_EXT_texture_cube_map GL_EXT_texture_edge_clamp GL_EXT_texture_env_combine GL_EXT_texture_env_dot3 GL_EXT_texture_filter_anisotropic GL_EXT_texture_filter_minmax GL_EXT_texture_integer GL_EXT_texture_lod G
L_EXT_texture_lod_bias GL_EXT_texture_mirror_clamp GL_EXT_texture_object GL_EXT_texture_shadow_lod GL_EXT_texture_shared_exponent GL_EXT_texture_sRGB GL_EXT_texture_sRGB_R8 GL_EXT_texture_sRGB_decode GL_EXT_texture_storage GL_EXT_texture_swizzle GL_EXT_timer_query GL_EXT_transform_feedback2 GL_EXT_vertex_array GL_EXT_vertex_array_bgra GL_EXT_vertex_attrib_64bit GL_EXT_window_rectangles GL_EXT_import_sync_object GL_NV_robustness_video_memory_purge GL_IBM_rasterpos_clip GL_IBM_texture_mirrored_repeat GL_KHR_context_flush_control GL_KHR_debug GL_EXT_memory_object GL_EXT_memory_object_fd GL_NV_memory_object_sparse GL_KHR_parallel_shader_compile GL_KHR_no_error GL_KHR_robust_buffer_access_behavior GL_KHR_robustness GL_EXT_semaphore GL_EXT_semaphore_fd GL_NV_timeline_semaphore GL_KHR_shader_subgroup GL_KTX_buffer_region GL_NV_alpha_to_coverage_dither_control GL_NV_bindless_multi_draw_indirect GL_NV_bindless_multi_draw_indirect_count GL_NV_bindless_texture GL_NV_blend_equation_advanced GL_NV_blend_equation_advanced
_coherent GL_NVX_blend_equation_advanced_multi_draw_buffers GL_NV_blend_minmax_factor GL_NV_blend_square GL_NV_clip_space_w_scaling GL_NV_command_list GL_NV_compute_program5 GL_NV_conditional_render GL_NV_conservative_raster GL_NV_conservative_raster_dilate GL_NV_conservative_raster_pre_snap_triangles GL_NV_copy_depth_to_color GL_NV_copy_image GL_NV_depth_buffer_float GL_NV_depth_clamp GL_NV_draw_texture GL_NV_draw_vulkan_image GL_NV_ES1_1_compatibility GL_NV_ES3_1_compatibility GL_NV_explicit_multisample GL_NV_feature_query GL_NV_fence GL_NV_fill_rectangle GL_NV_float_buffer GL_NV_fog_distance GL_NV_fragment_coverage_to_color GL_NV_fragment_program GL_NV_fragment_program_option GL_NV_fragment_program2 GL_NV_fragment_shader_interlock GL_NV_framebuffer_mixed_samples GL_NV_framebuffer_multisample_coverage GL_NV_geometry_shader4 GL_NV_geometry_shader_passthrough GL_NV_gpu_program4 GL_NV_internalformat_sample_query GL_NV_gpu_program4_1 GL_NV_gpu_program5 GL_NV_gpu_program5_mem_extended GL_NV_gpu_program_fp64 GL_
NV_gpu_shader5 GL_NV_half_float GL_NV_light_max_exponent GL_NV_memory_attachment GL_NV_multisample_coverage GL_NV_multisample_filter_hint GL_NV_occlusion_query GL_NV_packed_depth_stencil GL_NV_parameter_buffer_object GL_NV_parameter_buffer_object2 GL_NV_path_rendering GL_NV_path_rendering_shared_edge GL_NV_pixel_data_range GL_NV_point_sprite GL_NV_primitive_restart GL_NV_query_resource GL_NV_query_resource_tag GL_NV_register_combiners GL_NV_register_combiners2 GL_NV_sample_locations GL_NV_sample_mask_override_coverage GL_NV_shader_atomic_counters GL_NV_shader_atomic_float GL_NV_shader_atomic_float64 GL_NV_shader_atomic_fp16_vector GL_NV_shader_atomic_int64 GL_NV_shader_buffer_load GL_NV_shader_storage_buffer_object GL_NV_shader_subgroup_partitioned GL_NV_stereo_view_rendering GL_NV_texgen_reflection GL_NV_texture_barrier GL_NV_texture_compression_vtc GL_NV_texture_env_combine4 GL_NV_texture_multisample GL_NV_texture_rectangle GL_NV_texture_rectangle_compressed GL_NV_texture_shader GL_NV_texture_shader2 GL_NV
_texture_shader3 GL_NV_transform_feedback GL_NV_transform_feedback2 GL_NV_uniform_buffer_unified_memory GL_NV_uniform_buffer_std430_layout GL_NV_vdpau_interop GL_NV_vdpau_interop2 GL_NV_vertex_array_range GL_NV_vertex_array_range2 GL_NV_vertex_attrib_integer_64bit GL_NV_vertex_buffer_unified_memory GL_NV_vertex_program GL_NV_vertex_program1_1 GL_NV_vertex_program2 GL_NV_vertex_program2_option GL_NV_vertex_program3 GL_NV_viewport_array2 GL_NV_viewport_swizzle GL_NVX_conditional_render GL_NV_gpu_multicast GL_NVX_progress_fence GL_NVX_gpu_memory_info GL_NVX_nvenc_interop GL_NV_shader_thread_group GL_NV_shader_thread_shuffle GL_KHR_blend_equation_advanced GL_KHR_blend_equation_advanced_coherent GL_OVR_multiview GL_OVR_multiview2 GL_SGIS_generate_mipmap GL_SGIS_texture_lod GL_SGIX_depth_texture GL_SGIX_shadow GL_SUN_slice_accum
OPENGL LOG: Creating OpenGL 4.5 graphics device ; Context level  <OpenGL 4.5> ; Context handle 52191576
Default vsync count 0
requesting resize 1920 x 1200
Using native desktop resolution 1920 x 1200
requesting fullscreen 1920 x 1200 at 0 Hz
Desktop is 1920 x 1200 @ 60 Hz
UnloadTime: 0.130579 ms
Easy Mobile runtime has been initialized.
ERROR: ld.so: object '/home/louues/.local/share/Steam/ubuntu12_32/gameoverlayrenderer.so' from LD_PRELOAD cannot be preloaded (wrong ELF class: ELFCLASS32): ignored.
pid 5601 != 5600, skipping destruction (fork without exec?)
pid 5607 != 5600, skipping destruction (fork without exec?)
ERROR: ld.so: object '/home/louues/.local/share/Steam/ubuntu12_32/gameoverlayrenderer.so' from LD_PRELOAD cannot be preloaded (wrong ELF class: ELFCLASS32): ignored.
pid 5609 != 5600, skipping destruction (fork without exec?)
pid 5611 != 5600, skipping destruction (fork without exec?)
ERROR: ld.so: object '/home/louues/.local/share/Steam/ubuntu12_32/gameoverlayrenderer.so' from LD_PRELOAD cannot be preloaded (wrong ELF class: ELFCLASS32): ignored.
pid 5613 != 5600, skipping destruction (fork without exec?)
ERROR: ld.so: object '/home/louues/.local/share/Steam/ubuntu12_32/gameoverlayrenderer.so' from LD_PRELOAD cannot be preloaded (wrong ELF class: ELFCLASS32): ignored.
pid 5616 != 5600, skipping destruction (fork without exec?)
ERROR: ld.so: object '/home/louues/.local/share/Steam/ubuntu12_32/gameoverlayrenderer.so' from LD_PRELOAD cannot be preloaded (wrong ELF class: ELFCLASS32): ignored.
pid 5615 != 5600, skipping destruction (fork without exec?)
ERROR: ld.so: object '/home/louues/.local/share/Steam/ubuntu12_32/gameoverlayrenderer.so' from LD_PRELOAD cannot be preloaded (wrong ELF class: ELFCLASS32): ignored.
pid 5619 != 5618, skipping destruction (fork without exec?)
pid 5625 != 5618, skipping destruction (fork without exec?)
ERROR: ld.so: object '/home/louues/.local/share/Steam/ubuntu12_32/gameoverlayrenderer.so' from LD_PRELOAD cannot be preloaded (wrong ELF class: ELFCLASS32): ignored.
pid 5627 != 5618, skipping destruction (fork without exec?)
ERROR: ld.so: object '/home/louues/.local/share/Steam/ubuntu12_32/gameoverlayrenderer.so' from LD_PRELOAD cannot be preloaded (wrong ELF class: ELFCLASS32): ignored.
ERROR: ld.so: object '/home/louues/.local/share/Steam/ubuntu12_32/gameoverlayrenderer.so' from LD_PRELOAD cannot be preloaded (wrong ELF class: ELFCLASS32): ignored.
pid 5629 != 5618, skipping destruction (fork without exec?)
pid 5633 != 5618, skipping destruction (fork without exec?)
ERROR: ld.so: object '/home/louues/.local/share/Steam/ubuntu12_32/gameoverlayrenderer.so' from LD_PRELOAD cannot be preloaded (wrong ELF class: ELFCLASS32): ignored.
pid 5632 != 5618, skipping destruction (fork without exec?)
ERROR: ld.so: object '/home/louues/.local/share/Steam/ubuntu12_32/gameoverlayrenderer.so' from LD_PRELOAD cannot be preloaded (wrong ELF class: ELFCLASS32): ignored.
ERROR: ld.so: object '/home/louues/.local/share/Steam/ubuntu12_32/gameoverlayrenderer.so' from LD_PRELOAD cannot be preloaded (wrong ELF class: ELFCLASS32): ignored.
ERROR: ld.so: object '/home/louues/.local/share/Steam/ubuntu12_32/gameoverlayrenderer.so' from LD_PRELOAD cannot be preloaded (wrong ELF class: ELFCLASS32): ignored.
pid 5635 != 5618, skipping destruction (fork without exec?)
ERROR: ld.so: object '/home/louues/.local/share/Steam/ubuntu12_32/gameoverlayrenderer.so' from LD_PRELOAD cannot be preloaded (wrong ELF class: ELFCLASS32): ignored.
ERROR: ld.so: object '/home/louues/.local/share/Steam/ubuntu12_32/gameoverlayrenderer.so' from LD_PRELOAD cannot be preloaded (wrong ELF class: ELFCLASS32): ignored.
ERROR: ld.so: object '/home/louues/.local/share/Steam/ubuntu12_32/gameoverlayrenderer.so' from LD_PRELOAD cannot be preloaded (wrong ELF class: ELFCLASS32): ignored.
pid 5640 != 5618, skipping destruction (fork without exec?)
ERROR: ld.so: object '/home/louues/.local/share/Steam/ubuntu12_32/gameoverlayrenderer.so' from LD_PRELOAD cannot be preloaded (wrong ELF class: ELFCLASS32): ignored.
ERROR: ld.so: object '/home/louues/.local/share/Steam/ubuntu12_32/gameoverlayrenderer.so' from LD_PRELOAD cannot be preloaded (wrong ELF class: ELFCLASS32): ignored.
ERROR: ld.so: object '/home/louues/.local/share/Steam/ubuntu12_32/gameoverlayrenderer.so' from LD_PRELOAD cannot be preloaded (wrong ELF class: ELFCLASS32): ignored.
pid 5645 != 5618, skipping destruction (fork without exec?)
ERROR: ld.so: object '/home/louues/.local/share/Steam/ubuntu12_32/gameoverlayrenderer.so' from LD_PRELOAD cannot be preloaded (wrong ELF class: ELFCLASS32): ignored.
ERROR: ld.so: object '/home/louues/.local/share/Steam/ubuntu12_32/gameoverlayrenderer.so' from LD_PRELOAD cannot be preloaded (wrong ELF class: ELFCLASS32): ignored.
ERROR: ld.so: object '/home/louues/.local/share/Steam/ubuntu12_32/gameoverlayrenderer.so' from LD_PRELOAD cannot be preloaded (wrong ELF class: ELFCLASS32): ignored.
pid 5650 != 5618, skipping destruction (fork without exec?)
ERROR: ld.so: object '/home/louues/.local/share/Steam/ubuntu12_32/gameoverlayrenderer.so' from LD_PRELOAD cannot be preloaded (wrong ELF class: ELFCLASS32): ignored.
ERROR: ld.so: object '/home/louues/.local/share/Steam/ubuntu12_32/gameoverlayrenderer.so' from LD_PRELOAD cannot be preloaded (wrong ELF class: ELFCLASS32): ignored.
ERROR: ld.so: object '/home/louues/.local/share/Steam/ubuntu12_32/gameoverlayrenderer.so' from LD_PRELOAD cannot be preloaded (wrong ELF class: ELFCLASS32): ignored.
pid 5655 != 5618, skipping destruction (fork without exec?)
pid 5661 != 5600, skipping destruction (fork without exec?)
ERROR: ld.so: object '/home/louues/.local/share/Steam/ubuntu12_32/gameoverlayrenderer.so' from LD_PRELOAD cannot be preloaded (wrong ELF class: ELFCLASS32): ignored.
pid 5660 != 5600, skipping destruction (fork without exec?)
pid 5664 != 5600, skipping destruction (fork without exec?)
ERROR: ld.so: object '/home/louues/.local/share/Steam/ubuntu12_32/gameoverlayrenderer.so' from LD_PRELOAD cannot be preloaded (wrong ELF class: ELFCLASS32): ignored.
pid 5663 != 5600, skipping destruction (fork without exec?)
pid 5667 != 5600, skipping destruction (fork without exec?)
ERROR: ld.so: object '/home/louues/.local/share/Steam/ubuntu12_32/gameoverlayrenderer.so' from LD_PRELOAD cannot be preloaded (wrong ELF class: ELFCLASS32): ignored.
pid 5666 != 5600, skipping destruction (fork without exec?)
pid 5672 != 5600, skipping destruction (fork without exec?)
ERROR: ld.so: object '/home/louues/.local/share/Steam/ubuntu12_32/gameoverlayrenderer.so' from LD_PRELOAD cannot be preloaded (wrong ELF class: ELFCLASS32): ignored.
pid 5671 != 5600, skipping destruction (fork without exec?)
pid 5670 != 5600, skipping destruction (fork without exec?)
pid 5669 != 5600, skipping destruction (fork without exec?)
pid 5675 != 5600, skipping destruction (fork without exec?)
ERROR: ld.so: object '/home/louues/.local/share/Steam/ubuntu12_32/gameoverlayrenderer.so' from LD_PRELOAD cannot be preloaded (wrong ELF class: ELFCLASS32): ignored.
pid 5674 != 5600, skipping destruction (fork without exec?)
pid 5678 != 5600, skipping destruction (fork without exec?)
ERROR: ld.so: object '/home/louues/.local/share/Steam/ubuntu12_32/gameoverlayrenderer.so' from LD_PRELOAD cannot be preloaded (wrong ELF class: ELFCLASS32): ignored.
pid 5677 != 5600, skipping destruction (fork without exec?)
pid 5683 != 5600, skipping destruction (fork without exec?)
ERROR: ld.so: object '/home/louues/.local/share/Steam/ubuntu12_32/gameoverlayrenderer.so' from LD_PRELOAD cannot be preloaded (wrong ELF class: ELFCLASS32): ignored.
pid 5682 != 5600, skipping destruction (fork without exec?)
pid 5681 != 5600, skipping destruction (fork without exec?)
pid 5680 != 5600, skipping destruction (fork without exec?)
ERROR: ld.so: object '/home/louues/.local/share/Steam/ubuntu12_32/gameoverlayrenderer.so' from LD_PRELOAD cannot be preloaded (wrong ELF class: ELFCLASS32): ignored.
ERROR: ld.so: object '/home/louues/.local/share/Steam/ubuntu12_32/gameoverlayrenderer.so' from LD_PRELOAD cannot be preloaded (wrong ELF class: ELFCLASS32): ignored.
ERROR: ld.so: object '/home/louues/.local/share/Steam/ubuntu12_32/gameoverlayrenderer.so' from LD_PRELOAD cannot be preloaded (wrong ELF class: ELFCLASS32): ignored.
ERROR: ld.so: object '/home/louues/.local/share/Steam/ubuntu12_32/gameoverlayrenderer.so' from LD_PRELOAD cannot be preloaded (wrong ELF class: ELFCLASS32): ignored.
ERROR: ld.so: object '/home/louues/.local/share/Steam/ubuntu12_32/gameoverlayrenderer.so' from LD_PRELOAD cannot be preloaded (wrong ELF class: ELFCLASS32): ignored.
pid 5710 != 5699, skipping destruction (fork without exec?)
pid 5714 != 5699, skipping destruction (fork without exec?)
ERROR: ld.so: object '/home/louues/.local/share/Steam/ubuntu12_32/gameoverlayrenderer.so' from LD_PRELOAD cannot be preloaded (wrong ELF class: ELFCLASS32): ignored.
pid 5713 != 5699, skipping destruction (fork without exec?)
pid 5716 != 5699, skipping destruction (fork without exec?)
pid 5719 != 5699, skipping destruction (fork without exec?)
ERROR: ld.so: object '/home/louues/.local/share/Steam/ubuntu12_32/gameoverlayrenderer.so' from LD_PRELOAD cannot be preloaded (wrong ELF class: ELFCLASS32): ignored.
pid 5718 != 5699, skipping destruction (fork without exec?)
pid 5724 != 5699, skipping destruction (fork without exec?)
ERROR: ld.so: object '/home/louues/.local/share/Steam/ubuntu12_32/gameoverlayrenderer.so' from LD_PRELOAD cannot be preloaded (wrong ELF class: ELFCLASS32): ignored.
pid 5723 != 5699, skipping destruction (fork without exec?)
pid 5727 != 5699, skipping destruction (fork without exec?)
ERROR: ld.so: object '/home/louues/.local/share/Steam/ubuntu12_32/gameoverlayrenderer.so' from LD_PRELOAD cannot be preloaded (wrong ELF class: ELFCLASS32): ignored.
pid 5726 != 5699, skipping destruction (fork without exec?)
ERROR: ld.so: object '/home/louues/.local/share/Steam/ubuntu12_32/gameoverlayrenderer.so' from LD_PRELOAD cannot be preloaded (wrong ELF class: ELFCLASS32): ignored.
ERROR: ld.so: object '/home/louues/.local/share/Steam/ubuntu12_32/gameoverlayrenderer.so' from LD_PRELOAD cannot be preloaded (wrong ELF class: ELFCLASS32): ignored.
ERROR: ld.so: object '/home/louues/.local/share/Steam/ubuntu12_32/gameoverlayrenderer.so' from LD_PRELOAD cannot be preloaded (wrong ELF class: ELFCLASS32): ignored.
[ERROR glean_core] Error setting metrics feature config: Json(Error("EOF while parsing a value", line: 1, column: 0))
ERROR: ld.so: object '/home/louues/.local/share/Steam/ubuntu12_32/gameoverlayrenderer.so' from LD_PRELOAD cannot be preloaded (wrong ELF class: ELFCLASS32): ignored.
ERROR: ld.so: object '/home/louues/.local/share/Steam/ubuntu12_32/gameoverlayrenderer.so' from LD_PRELOAD cannot be preloaded (wrong ELF class: ELFCLASS32): ignored.
ERROR: ld.so: object '/home/louues/.local/share/Steam/ubuntu12_32/gameoverlayrenderer.so' from LD_PRELOAD cannot be preloaded (wrong ELF class: ELFCLASS32): ignored.
ERROR: ld.so: object '/home/louues/.local/share/Steam/ubuntu12_32/gameoverlayrenderer.so' from LD_PRELOAD cannot be preloaded (wrong ELF class: ELFCLASS32): ignored.
[Child 5820, Main Thread] WARNING: JSWindowActorChild::SendRawMessage (Conduits, ConduitClosed) not sent: !CanSend() || !mManager || !mManager->CanSend(): file /build/firefox/src/firefox-113.0.2/dom/ipc/jsactor/JSWindowActorChild.cpp:57
[Child 5820, Main Thread] WARNING: JSWindowActorChild::SendRawMessage (Conduits, ConduitClosed) not sent: !CanSend() || !mManager || !mManager->CanSend(): file /build/firefox/src/firefox-113.0.2/dom/ipc/jsactor/JSWindowActorChild.cpp:57
[Child 5820, Main Thread] WARNING: JSWindowActorChild::SendRawMessage (Conduits, ConduitClosed) not sent: !CanSend() || !mManager || !mManager->CanSend(): file /build/firefox/src/firefox-113.0.2/dom/ipc/jsactor/JSWindowActorChild.cpp:57
[Child 5820, Main Thread] WARNING: JSWindowActorChild::SendRawMessage (Conduits, ConduitClosed) not sent: !CanSend() || !mManager || !mManager->CanSend(): file /build/firefox/src/firefox-113.0.2/dom/ipc/jsactor/JSWindowActorChild.cpp:57
[Child 5820, Main Thread] WARNING: JSWindowActorChild::SendRawMessage (Conduits, ConduitClosed) not sent: !CanSend() || !mManager || !mManager->CanSend(): file /build/firefox/src/firefox-113.0.2/dom/ipc/jsactor/JSWindowActorChild.cpp:57
[Child 5820, Main Thread] WARNING: JSWindowActorChild::SendRawMessage (Conduits, ConduitClosed) not sent: !CanSend() || !mManager || !mManager->CanSend(): file /build/firefox/src/firefox-113.0.2/dom/ipc/jsactor/JSWindowActorChild.cpp:57
[Child 5820, Main Thread] WARNING: JSWindowActorChild::SendRawMessage (Conduits, ConduitClosed) not sent: !CanSend() || !mManager || !mManager->CanSend(): file /build/firefox/src/firefox-113.0.2/dom/ipc/jsactor/JSWindowActorChild.cpp:57
[Child 5820, Main Thread] WARNING: JSWindowActorChild::SendRawMessage (Conduits, ConduitClosed) not sent: !CanSend() || !mManager || !mManager->CanSend(): file /build/firefox/src/firefox-113.0.2/dom/ipc/jsactor/JSWindowActorChild.cpp:57
[ERROR viaduct::backend::ffi] Missing HTTP status
[ERROR viaduct::backend::ffi] Missing HTTP status
Unloading 6 Unused Serialized files (Serialized files now loaded: 5)
UnloadTime: 1.832346 ms
[S_API] SteamAPI_Init(): Loaded '/home/louues/.local/share/Steam/linux64/steamclient.so' OK.
Setting breakpad minidump AppID = 1714040
SteamInternal_SetMinidumpSteamID:  Caching Steam ID:  76561198335652821 [API loaded no]
Added pool 'General'
PathologicalGames.SpawnPoolsDict:Add(SpawnPool)
UnityEngine.Object:Instantiate(T)
Spacewood.Unity.InitGlobal:Awake()

Added pool 'Fx'
PathologicalGames.SpawnPoolsDict:Add(SpawnPool)
UnityEngine.Object:Instantiate(T)
Spacewood.Unity.InitGlobal:Awake()

Unloading 62 unused Assets to reduce memory usage. Loaded Objects now: 43318.
Total: 23.156168 ms (FindLiveObjects: 2.073046 ms CreateObjectMapping: 1.087100 ms MarkObjects: 18.979131 ms  DeleteObjects: 1.016393 ms)

HTTP Request > Post https://api.teamwood.games/0.26/api/user/login
Spacewood.Unity.<SendHttpResponseAsync>d__123`1:MoveNext()
Spacewood.Unity.ServiceWeb:SendHttpResponseAsync(ServiceRequest, Int32)
Spacewood.Unity.<SendAndRetryHttpRequestAsync>d__122`1:MoveNext()
Spacewood.Unity.ServiceWeb:SendAndRetryHttpRequestAsync(HTTPMethods, String, Object, ServiceRequestSettings)
Spacewood.Unity.ServiceWeb:PostHttpRequestAsync(String, Object, ServiceRequestSettings)
Spacewood.Unity.<LoginAsync>d__88:MoveNext()
Spacewood.Unity.ServiceWeb:LoginAsync(String, String, ServiceRequestSettings)
Spacewood.Unity.<LogInAsync>d__16:MoveNext()
Spacewood.Unity.SignIn:LogInAsync(String, String)
Spacewood.Unity.SignIn:HandleSubmit(SelectableBase)
UnityEngine.EventSystems.ExecuteEvents:Execute(GameObject, BaseEventData, EventFunction`1)
UnityEngine.EventSystems.StandaloneInputModule:ReleaseMouse(PointerEventData, GameObject)
UnityEngine.EventSystems.StandaloneInputModule:ProcessMouseEvent(Int32)
UnityEngine.EventSystems.StandaloneInputModule:Process()

HTTP Response > Post https://api.teamwood.games/0.26/api/user/login > <color=green>200</color>
Spacewood.Unity.ServiceWeb:HandleHttpResponse(ServiceRequestGroup)
Spacewood.Unity.<SendHttpResponseAsync>d__123`1:MoveNext()
System.Threading.Tasks.AwaitTaskContinuation:RunCallback(ContextCallback, Object, Task&)
System.Threading.Tasks.Task:FinishContinuations()
System.Threading.Tasks.Task`1:TrySetResult(TResult)
System.Threading.Tasks.TaskCompletionSource`1:TrySetResult(TResult)
BestHTTP.Core.RequestEventHelper:HandleRequestStateChange(RequestEventInfo)
BestHTTP.Core.RequestEventHelper:ProcessQueue()
BestHTTP.HTTPManager:OnUpdate()

HTTP Request > Get https://api.teamwood.games/0.26/api/user/current
Spacewood.Unity.<SendHttpResponseAsync>d__123`1:MoveNext()
Spacewood.Unity.ServiceWeb:SendHttpResponseAsync(ServiceRequest, Int32)
Spacewood.Unity.<SendAndRetryHttpRequestAsync>d__122`1:MoveNext()
Spacewood.Unity.ServiceWeb:SendAndRetryHttpRequestAsync(HTTPMethods, String, Object, ServiceRequestSettings)
Spacewood.Unity.<GetHttpRequestAsync>d__121`1:MoveNext()
Spacewood.Unity.ServiceWeb:GetHttpRequestAsync(String, ServiceRequestSettings)
Spacewood.Unity.<GetCurrentUserAsync>d__93:MoveNext()
Spacewood.Unity.ServiceWeb:GetCurrentUserAsync()
Spacewood.Unity.<FetchDataAsync>d__38:MoveNext()
Spacewood.Unity.Menu:FetchDataAsync()
Spacewood.Unity.Menu:<StartAsync>b__33_0(SignIn)
Spacewood.Unity.<LogInAsync>d__16:MoveNext()
Cysharp.Threading.Tasks.UniTaskCompletionSourceCore`1:TrySetResult(TResult)
Spacewood.Unity.<LoginAsync>d__88:MoveNext()
Cysharp.Threading.Tasks.UniTaskCompletionSourceCore`1:TrySetResult(TResult)
Spacewood.Unity.<SendAndRetryHttpRequestAsync>d__122`1:MoveNext()
Cysharp.Threading.Tasks.UniTaskCompletionSourceCore`1:TrySetResult(TResult)
Spacewood.Unity.<SendHttpResponseAsync>d__123`1:MoveNext()
System.Threading.Tasks.AwaitTaskContinuation:RunCallback(ContextCallback, Object, Task&)
System.Threading.Tasks.Task:FinishContinuations()
System.Threading.Tasks.Task`1:TrySetResult(TResult)
System.Threading.Tasks.TaskCompletionSource`1:TrySetResult(TResult)
BestHTTP.Core.RequestEventHelper:HandleRequestStateChange(RequestEventInfo)
BestHTTP.Core.RequestEventHelper:ProcessQueue()
BestHTTP.HTTPManager:OnUpdate()

HTTP Response > Get https://api.teamwood.games/0.26/api/user/current > <color=green>200</color>
Spacewood.Unity.ServiceWeb:HandleHttpResponse(ServiceRequestGroup)
Spacewood.Unity.<SendHttpResponseAsync>d__123`1:MoveNext()
System.Threading.Tasks.AwaitTaskContinuation:RunCallback(ContextCallback, Object, Task&)
System.Threading.Tasks.Task:FinishContinuations()
System.Threading.Tasks.Task`1:TrySetResult(TResult)
System.Threading.Tasks.TaskCompletionSource`1:TrySetResult(TResult)
BestHTTP.Core.RequestEventHelper:HandleRequestStateChange(RequestEventInfo)
BestHTTP.Core.RequestEventHelper:ProcessQueue()
BestHTTP.HTTPManager:OnUpdate()

HTTP Request > Get https://api.teamwood.games/0.26/api/achievement/fetch
Spacewood.Unity.<SendHttpResponseAsync>d__123`1:MoveNext()
Spacewood.Unity.ServiceWeb:SendHttpResponseAsync(ServiceRequest, Int32)
Spacewood.Unity.<SendAndRetryHttpRequestAsync>d__122`1:MoveNext()
Spacewood.Unity.ServiceWeb:SendAndRetryHttpRequestAsync(HTTPMethods, String, Object, ServiceRequestSettings)
Spacewood.Unity.<GetHttpRequestAsync>d__121`1:MoveNext()
Spacewood.Unity.ServiceWeb:GetHttpRequestAsync(String, ServiceRequestSettings)
Spacewood.Unity.<GetAchievementAsync>d__98:MoveNext()
Spacewood.Unity.ServiceWeb:GetAchievementAsync()
Spacewood.Unity.<FetchDataAsync>d__38:MoveNext()
Cysharp.Threading.Tasks.UniTaskCompletionSourceCore`1:TrySetResult(TResult)
Spacewood.Unity.<GetCurrentUserAsync>d__93:MoveNext()
Cysharp.Threading.Tasks.UniTaskCompletionSourceCore`1:TrySetResult(TResult)
Spacewood.Unity.<GetHttpRequestAsync>d__121`1:MoveNext()
Cysharp.Threading.Tasks.UniTaskCompletionSourceCore`1:TrySetResult(TResult)
Spacewood.Unity.<SendAndRetryHttpRequestAsync>d__122`1:MoveNext()
Cysharp.Threading.Tasks.UniTaskCompletionSourceCore`1:TrySetResult(TResult)
Spacewood.Unity.<SendHttpResponseAsync>d__123`1:MoveNext()
System.Threading.Tasks.AwaitTaskContinuation:RunCallback(ContextCallback, Object, Task&)
System.Threading.Tasks.Task:FinishContinuations()
System.Threading.Tasks.Task`1:TrySetResult(TResult)
System.Threading.Tasks.TaskCompletionSource`1:TrySetResult(TResult)
BestHTTP.Core.RequestEventHelper:HandleRequestStateChange(RequestEventInfo)
BestHTTP.Core.RequestEventHelper:ProcessQueue()
BestHTTP.HTTPManager:OnUpdate()

HTTP Request > Post https://api.teamwood.games/0.26/api/steam/login
Spacewood.Unity.<SendHttpResponseAsync>d__123`1:MoveNext()
Spacewood.Unity.ServiceWeb:SendHttpResponseAsync(ServiceRequest, Int32)
Spacewood.Unity.<SendAndRetryHttpRequestAsync>d__122`1:MoveNext()
Spacewood.Unity.ServiceWeb:SendAndRetryHttpRequestAsync(HTTPMethods, String, Object, ServiceRequestSettings)
Spacewood.Unity.ServiceWeb:PostHttpRequestAsync(String, Object, ServiceRequestSettings)
Spacewood.Unity.<HandleSteamLoginCallback>d__114:MoveNext()
System.Runtime.CompilerServices.AsyncVoidMethodBuilder:Start(TStateMachine&)
Spacewood.Unity.ServiceWeb:HandleSteamLoginCallback(GetAuthSessionTicketResponse_t)
Steamworks.Callback`1:OnRunCallback(IntPtr)
Steamworks.CallbackDispatcher:RunFrame(Boolean)

HTTP Response > Get https://api.teamwood.games/0.26/api/achievement/fetch > <color=green>200</color>
Spacewood.Unity.ServiceWeb:HandleHttpResponse(ServiceRequestGroup)
Spacewood.Unity.<SendHttpResponseAsync>d__123`1:MoveNext()
System.Threading.Tasks.AwaitTaskContinuation:RunCallback(ContextCallback, Object, Task&)
System.Threading.Tasks.Task:FinishContinuations()
System.Threading.Tasks.Task`1:TrySetResult(TResult)
System.Threading.Tasks.TaskCompletionSource`1:TrySetResult(TResult)
BestHTTP.Core.RequestEventHelper:HandleRequestStateChange(RequestEventInfo)
BestHTTP.Core.RequestEventHelper:ProcessQueue()
BestHTTP.HTTPManager:OnUpdate()

HTTP Request > Get https://api.teamwood.games/0.26/api/clientconfig
Spacewood.Unity.<SendHttpResponseAsync>d__123`1:MoveNext()
Spacewood.Unity.ServiceWeb:SendHttpResponseAsync(ServiceRequest, Int32)
Spacewood.Unity.<SendAndRetryHttpRequestAsync>d__122`1:MoveNext()
Spacewood.Unity.ServiceWeb:SendAndRetryHttpRequestAsync(HTTPMethods, String, Object, ServiceRequestSettings)
Spacewood.Unity.<GetHttpRequestAsync>d__121`1:MoveNext()
Spacewood.Unity.ServiceWeb:GetHttpRequestAsync(String, ServiceRequestSettings)
Spacewood.Unity.<GetClientConfigAsync>d__65:MoveNext()
Spacewood.Unity.ServiceWeb:GetClientConfigAsync()
Spacewood.Unity.<FetchDataAsync>d__38:MoveNext()
Cysharp.Threading.Tasks.UniTaskCompletionSourceCore`1:TrySetResult(TResult)
Spacewood.Unity.<GetAchievementAsync>d__98:MoveNext()
Cysharp.Threading.Tasks.UniTaskCompletionSourceCore`1:TrySetResult(TResult)
Spacewood.Unity.<GetHttpRequestAsync>d__121`1:MoveNext()
Cysharp.Threading.Tasks.UniTaskCompletionSourceCore`1:TrySetResult(TResult)
Spacewood.Unity.<SendAndRetryHttpRequestAsync>d__122`1:MoveNext()
Cysharp.Threading.Tasks.UniTaskCompletionSourceCore`1:TrySetResult(TResult)
Spacewood.Unity.<SendHttpResponseAsync>d__123`1:MoveNext()
System.Threading.Tasks.AwaitTaskContinuation:RunCallback(ContextCallback, Object, Task&)
System.Threading.Tasks.Task:FinishContinuations()
System.Threading.Tasks.Task`1:TrySetResult(TResult)
System.Threading.Tasks.TaskCompletionSource`1:TrySetResult(TResult)
BestHTTP.Core.RequestEventHelper:HandleRequestStateChange(RequestEventInfo)
BestHTTP.Core.RequestEventHelper:ProcessQueue()
BestHTTP.HTTPManager:OnUpdate()

HTTP Response > Get https://api.teamwood.games/0.26/api/clientconfig > <color=green>200</color>
Spacewood.Unity.ServiceWeb:HandleHttpResponse(ServiceRequestGroup)
Spacewood.Unity.<SendHttpResponseAsync>d__123`1:MoveNext()
System.Threading.Tasks.AwaitTaskContinuation:RunCallback(ContextCallback, Object, Task&)
System.Threading.Tasks.Task:FinishContinuations()
System.Threading.Tasks.Task`1:TrySetResult(TResult)
System.Threading.Tasks.TaskCompletionSource`1:TrySetResult(TResult)
BestHTTP.Core.RequestEventHelper:HandleRequestStateChange(RequestEventInfo)
BestHTTP.Core.RequestEventHelper:ProcessQueue()
BestHTTP.HTTPManager:OnUpdate()

HTTP Request > Get https://api.teamwood.games/0.26/api/product/all
Spacewood.Unity.<SendHttpResponseAsync>d__123`1:MoveNext()
Spacewood.Unity.ServiceWeb:SendHttpResponseAsync(ServiceRequest, Int32)
Spacewood.Unity.<SendAndRetryHttpRequestAsync>d__122`1:MoveNext()
Spacewood.Unity.ServiceWeb:SendAndRetryHttpRequestAsync(HTTPMethods, String, Object, ServiceRequestSettings)
Spacewood.Unity.<GetHttpRequestAsync>d__121`1:MoveNext()
Spacewood.Unity.ServiceWeb:GetHttpRequestAsync(String, ServiceRequestSettings)
Spacewood.Unity.<GetAllProductsAsync>d__77:MoveNext()
Spacewood.Unity.ServiceWeb:GetAllProductsAsync()
Spacewood.Unity.<FetchDataAsync>d__38:MoveNext()
Cysharp.Threading.Tasks.UniTaskCompletionSourceCore`1:TrySetResult(TResult)
Spacewood.Unity.<GetClientConfigAsync>d__65:MoveNext()
Cysharp.Threading.Tasks.UniTaskCompletionSourceCore`1:TrySetResult(TResult)
Spacewood.Unity.<GetHttpRequestAsync>d__121`1:MoveNext()
Cysharp.Threading.Tasks.UniTaskCompletionSourceCore`1:TrySetResult(TResult)
Spacewood.Unity.<SendAndRetryHttpRequestAsync>d__122`1:MoveNext()
Cysharp.Threading.Tasks.UniTaskCompletionSourceCore`1:TrySetResult(TResult)
Spacewood.Unity.<SendHttpResponseAsync>d__123`1:MoveNext()
System.Threading.Tasks.AwaitTaskContinuation:RunCallback(ContextCallback, Object, Task&)
System.Threading.Tasks.Task:FinishContinuations()
System.Threading.Tasks.Task`1:TrySetResult(TResult)
System.Threading.Tasks.TaskCompletionSource`1:TrySetResult(TResult)
BestHTTP.Core.RequestEventHelper:HandleRequestStateChange(RequestEventInfo)
BestHTTP.Core.RequestEventHelper:ProcessQueue()
BestHTTP.HTTPManager:OnUpdate()

HTTP Response > Post https://api.teamwood.games/0.26/api/steam/login > <color=green>200</color>
Spacewood.Unity.ServiceWeb:HandleHttpResponse(ServiceRequestGroup)
Spacewood.Unity.<SendHttpResponseAsync>d__123`1:MoveNext()
System.Threading.Tasks.AwaitTaskContinuation:RunCallback(ContextCallback, Object, Task&)
System.Threading.Tasks.Task:FinishContinuations()
System.Threading.Tasks.Task`1:TrySetResult(TResult)
System.Threading.Tasks.TaskCompletionSource`1:TrySetResult(TResult)
BestHTTP.Core.RequestEventHelper:HandleRequestStateChange(RequestEventInfo)
BestHTTP.Core.RequestEventHelper:ProcessQueue()
BestHTTP.HTTPManager:OnUpdate()

HTTP Response > Get https://api.teamwood.games/0.26/api/product/all > <color=green>200</color>
Spacewood.Unity.ServiceWeb:HandleHttpResponse(ServiceRequestGroup)
Spacewood.Unity.<SendHttpResponseAsync>d__123`1:MoveNext()
System.Threading.Tasks.AwaitTaskContinuation:RunCallback(ContextCallback, Object, Task&)
System.Threading.Tasks.Task:FinishContinuations()
System.Threading.Tasks.Task`1:TrySetResult(TResult)
System.Threading.Tasks.TaskCompletionSource`1:TrySetResult(TResult)
BestHTTP.Core.RequestEventHelper:HandleRequestStateChange(RequestEventInfo)
BestHTTP.Core.RequestEventHelper:ProcessQueue()
BestHTTP.HTTPManager:OnUpdate()

HTTP Request > Get https://api.teamwood.games/0.26/api/deck/all
Spacewood.Unity.<SendHttpResponseAsync>d__123`1:MoveNext()
Spacewood.Unity.ServiceWeb:SendHttpResponseAsync(ServiceRequest, Int32)
Spacewood.Unity.<SendAndRetryHttpRequestAsync>d__122`1:MoveNext()
Spacewood.Unity.ServiceWeb:SendAndRetryHttpRequestAsync(HTTPMethods, String, Object, ServiceRequestSettings)
Spacewood.Unity.<GetHttpRequestAsync>d__121`1:MoveNext()
Spacewood.Unity.ServiceWeb:GetHttpRequestAsync(String, ServiceRequestSettings)
Spacewood.Unity.<GetAllDecksAsync>d__74:MoveNext()
Spacewood.Unity.ServiceWeb:GetAllDecksAsync()
Spacewood.Unity.<FetchDataAsync>d__38:MoveNext()
Cysharp.Threading.Tasks.UniTaskCompletionSourceCore`1:TrySetResult(TResult)
Spacewood.Unity.<GetAllProductsAsync>d__77:MoveNext()
Cysharp.Threading.Tasks.UniTaskCompletionSourceCore`1:TrySetResult(TResult)
Spacewood.Unity.<GetHttpRequestAsync>d__121`1:MoveNext()
Cysharp.Threading.Tasks.UniTaskCompletionSourceCore`1:TrySetResult(TResult)
Spacewood.Unity.<SendAndRetryHttpRequestAsync>d__122`1:MoveNext()
Cysharp.Threading.Tasks.UniTaskCompletionSourceCore`1:TrySetResult(TResult)
Spacewood.Unity.<SendHttpResponseAsync>d__123`1:MoveNext()
System.Threading.Tasks.AwaitTaskContinuation:RunCallback(ContextCallback, Object, Task&)
System.Threading.Tasks.Task:FinishContinuations()
System.Threading.Tasks.Task`1:TrySetResult(TResult)
System.Threading.Tasks.TaskCompletionSource`1:TrySetResult(TResult)
BestHTTP.Core.RequestEventHelper:HandleRequestStateChange(RequestEventInfo)
BestHTTP.Core.RequestEventHelper:ProcessQueue()
BestHTTP.HTTPManager:OnUpdate()

HTTP Response > Get https://api.teamwood.games/0.26/api/deck/all > <color=green>200</color>
Spacewood.Unity.ServiceWeb:HandleHttpResponse(ServiceRequestGroup)
Spacewood.Unity.<SendHttpResponseAsync>d__123`1:MoveNext()
System.Threading.Tasks.AwaitTaskContinuation:RunCallback(ContextCallback, Object, Task&)
System.Threading.Tasks.Task:FinishContinuations()
System.Threading.Tasks.Task`1:TrySetResult(TResult)
System.Threading.Tasks.TaskCompletionSource`1:TrySetResult(TResult)
BestHTTP.Core.RequestEventHelper:HandleRequestStateChange(RequestEventInfo)
BestHTTP.Core.RequestEventHelper:ProcessQueue()
BestHTTP.HTTPManager:OnUpdate()

HTTP Request > Get https://api.teamwood.games/0.26/api/challenge/current
Spacewood.Unity.<SendHttpResponseAsync>d__123`1:MoveNext()
Spacewood.Unity.ServiceWeb:SendHttpResponseAsync(ServiceRequest, Int32)
Spacewood.Unity.<SendAndRetryHttpRequestAsync>d__122`1:MoveNext()
Spacewood.Unity.ServiceWeb:SendAndRetryHttpRequestAsync(HTTPMethods, String, Object, ServiceRequestSettings)
Spacewood.Unity.<GetHttpRequestAsync>d__121`1:MoveNext()
Spacewood.Unity.ServiceWeb:GetHttpRequestAsync(String, ServiceRequestSettings)
Spacewood.Unity.<GetChallengeAsync>d__99:MoveNext()
Spacewood.Unity.ServiceWeb:GetChallengeAsync()
Spacewood.Unity.<FetchDataAsync>d__38:MoveNext()
Cysharp.Threading.Tasks.UniTaskCompletionSourceCore`1:TrySetResult(TResult)
Spacewood.Unity.<GetAllDecksAsync>d__74:MoveNext()
Cysharp.Threading.Tasks.UniTaskCompletionSourceCore`1:TrySetResult(TResult)
Spacewood.Unity.<GetHttpRequestAsync>d__121`1:MoveNext()
Cysharp.Threading.Tasks.UniTaskCompletionSourceCore`1:TrySetResult(TResult)
Spacewood.Unity.<SendAndRetryHttpRequestAsync>d__122`1:MoveNext()
Cysharp.Threading.Tasks.UniTaskCompletionSourceCore`1:TrySetResult(TResult)
Spacewood.Unity.<SendHttpResponseAsync>d__123`1:MoveNext()
System.Threading.Tasks.AwaitTaskContinuation:RunCallback(ContextCallback, Object, Task&)
System.Threading.Tasks.Task:FinishContinuations()
System.Threading.Tasks.Task`1:TrySetResult(TResult)
System.Threading.Tasks.TaskCompletionSource`1:TrySetResult(TResult)
BestHTTP.Core.RequestEventHelper:HandleRequestStateChange(RequestEventInfo)
BestHTTP.Core.RequestEventHelper:ProcessQueue()
BestHTTP.HTTPManager:OnUpdate()

HTTP Response > Get https://api.teamwood.games/0.26/api/challenge/current > <color=green>200</color>
Spacewood.Unity.ServiceWeb:HandleHttpResponse(ServiceRequestGroup)
Spacewood.Unity.<SendHttpResponseAsync>d__123`1:MoveNext()
System.Threading.Tasks.AwaitTaskContinuation:RunCallback(ContextCallback, Object, Task&)
System.Threading.Tasks.Task:FinishContinuations()
System.Threading.Tasks.Task`1:TrySetResult(TResult)
System.Threading.Tasks.TaskCompletionSource`1:TrySetResult(TResult)
BestHTTP.Core.RequestEventHelper:HandleRequestStateChange(RequestEventInfo)
BestHTTP.Core.RequestEventHelper:ProcessQueue()
BestHTTP.HTTPManager:OnUpdate()

HTTP Request > Get https://api.teamwood.games/0.26/api/news/1
Spacewood.Unity.<SendHttpResponseAsync>d__123`1:MoveNext()
Spacewood.Unity.ServiceWeb:SendHttpResponseAsync(ServiceRequest, Int32)
Spacewood.Unity.<SendAndRetryHttpRequestAsync>d__122`1:MoveNext()
Spacewood.Unity.ServiceWeb:SendAndRetryHttpRequestAsync(HTTPMethods, String, Object, ServiceRequestSettings)
Spacewood.Unity.<GetHttpRequestAsync>d__121`1:MoveNext()
Spacewood.Unity.ServiceWeb:GetHttpRequestAsync(String, ServiceRequestSettings)
Spacewood.Unity.<GetNewsOneLiner>d__67:MoveNext()
Spacewood.Unity.ServiceWeb:GetNewsOneLiner()
Spacewood.Unity.<FetchDataAsync>d__38:MoveNext()
Cysharp.Threading.Tasks.UniTaskCompletionSourceCore`1:TrySetResult(TResult)
Spacewood.Unity.<GetChallengeAsync>d__99:MoveNext()
Cysharp.Threading.Tasks.UniTaskCompletionSourceCore`1:TrySetResult(TResult)
Spacewood.Unity.<GetHttpRequestAsync>d__121`1:MoveNext()
Cysharp.Threading.Tasks.UniTaskCompletionSourceCore`1:TrySetResult(TResult)
Spacewood.Unity.<SendAndRetryHttpRequestAsync>d__122`1:MoveNext()
Cysharp.Threading.Tasks.UniTaskCompletionSourceCore`1:TrySetResult(TResult)
Spacewood.Unity.<SendHttpResponseAsync>d__123`1:MoveNext()
System.Threading.Tasks.AwaitTaskContinuation:RunCallback(ContextCallback, Object, Task&)
System.Threading.Tasks.Task:FinishContinuations()
System.Threading.Tasks.Task`1:TrySetResult(TResult)
System.Threading.Tasks.TaskCompletionSource`1:TrySetResult(TResult)
BestHTTP.Core.RequestEventHelper:HandleRequestStateChange(RequestEventInfo)
BestHTTP.Core.RequestEventHelper:ProcessQueue()
BestHTTP.HTTPManager:OnUpdate()

HTTP Response > Get https://api.teamwood.games/0.26/api/news/1 > <color=green>200</color>
Spacewood.Unity.ServiceWeb:HandleHttpResponse(ServiceRequestGroup)
Spacewood.Unity.<SendHttpResponseAsync>d__123`1:MoveNext()
System.Threading.Tasks.AwaitTaskContinuation:RunCallback(ContextCallback, Object, Task&)
System.Threading.Tasks.Task:FinishContinuations()
System.Threading.Tasks.Task`1:TrySetResult(TResult)
System.Threading.Tasks.TaskCompletionSource`1:TrySetResult(TResult)
BestHTTP.Core.RequestEventHelper:HandleRequestStateChange(RequestEventInfo)
BestHTTP.Core.RequestEventHelper:ProcessQueue()
BestHTTP.HTTPManager:OnUpdate()

HTTP Request > Get https://api.teamwood.games/0.26/api/news/0
Spacewood.Unity.<SendHttpResponseAsync>d__123`1:MoveNext()
Spacewood.Unity.ServiceWeb:SendHttpResponseAsync(ServiceRequest, Int32)
Spacewood.Unity.<SendAndRetryHttpRequestAsync>d__122`1:MoveNext()
Spacewood.Unity.ServiceWeb:SendAndRetryHttpRequestAsync(HTTPMethods, String, Object, ServiceRequestSettings)
Spacewood.Unity.<GetHttpRequestAsync>d__121`1:MoveNext()
Spacewood.Unity.ServiceWeb:GetHttpRequestAsync(String, ServiceRequestSettings)
Spacewood.Unity.<GetNewsAnnouncement>d__66:MoveNext()
Spacewood.Unity.ServiceWeb:GetNewsAnnouncement()
Spacewood.Unity.<FetchDataAsync>d__38:MoveNext()
Cysharp.Threading.Tasks.UniTaskCompletionSourceCore`1:TrySetResult(TResult)
Spacewood.Unity.<GetNewsOneLiner>d__67:MoveNext()
Cysharp.Threading.Tasks.UniTaskCompletionSourceCore`1:TrySetResult(TResult)
Spacewood.Unity.<GetHttpRequestAsync>d__121`1:MoveNext()
Cysharp.Threading.Tasks.UniTaskCompletionSourceCore`1:TrySetResult(TResult)
Spacewood.Unity.<SendAndRetryHttpRequestAsync>d__122`1:MoveNext()
Cysharp.Threading.Tasks.UniTaskCompletionSourceCore`1:TrySetResult(TResult)
Spacewood.Unity.<SendHttpResponseAsync>d__123`1:MoveNext()
System.Threading.Tasks.AwaitTaskContinuation:RunCallback(ContextCallback, Object, Task&)
System.Threading.Tasks.Task:FinishContinuations()
System.Threading.Tasks.Task`1:TrySetResult(TResult)
System.Threading.Tasks.TaskCompletionSource`1:TrySetResult(TResult)
BestHTTP.Core.RequestEventHelper:HandleRequestStateChange(RequestEventInfo)
BestHTTP.Core.RequestEventHelper:ProcessQueue()
BestHTTP.HTTPManager:OnUpdate()

HTTP Response > Get https://api.teamwood.games/0.26/api/news/0 > <color=green>200</color>
Spacewood.Unity.ServiceWeb:HandleHttpResponse(ServiceRequestGroup)
Spacewood.Unity.<SendHttpResponseAsync>d__123`1:MoveNext()
System.Threading.Tasks.AwaitTaskContinuation:RunCallback(ContextCallback, Object, Task&)
System.Threading.Tasks.Task:FinishContinuations()
System.Threading.Tasks.Task`1:TrySetResult(TResult)
System.Threading.Tasks.TaskCompletionSource`1:TrySetResult(TResult)
BestHTTP.Core.RequestEventHelper:HandleRequestStateChange(RequestEventInfo)
BestHTTP.Core.RequestEventHelper:ProcessQueue()
BestHTTP.HTTPManager:OnUpdate()

HTTP Request > Get https://api.teamwood.games/0.26/api/versus/datetime
Spacewood.Unity.<SendHttpResponseAsync>d__123`1:MoveNext()
Spacewood.Unity.ServiceWeb:SendHttpResponseAsync(ServiceRequest, Int32)
Spacewood.Unity.<SendAndRetryHttpRequestAsync>d__122`1:MoveNext()
Spacewood.Unity.ServiceWeb:SendAndRetryHttpRequestAsync(HTTPMethods, String, Object, ServiceRequestSettings)
Spacewood.Unity.<GetHttpRequestAsync>d__121`1:MoveNext()
Spacewood.Unity.ServiceWeb:GetHttpRequestAsync(String, ServiceRequestSettings)
Spacewood.Unity.<FetchVersusServerDataTimeAsync>d__100:MoveNext()
Spacewood.Unity.ServiceWeb:FetchVersusServerDataTimeAsync()
Spacewood.Unity.Utilities.<SyncAsync>d__3:MoveNext()
Spacewood.Unity.Utilities.TimeU:SyncAsync()
Spacewood.Unity.<FetchDataAsync>d__38:MoveNext()
Cysharp.Threading.Tasks.UniTaskCompletionSourceCore`1:TrySetResult(TResult)
Spacewood.Unity.<GetNewsAnnouncement>d__66:MoveNext()
Cysharp.Threading.Tasks.UniTaskCompletionSourceCore`1:TrySetResult(TResult)
Spacewood.Unity.<GetHttpRequestAsync>d__121`1:MoveNext()
Cysharp.Threading.Tasks.UniTaskCompletionSourceCore`1:TrySetResult(TResult)
Spacewood.Unity.<SendAndRetryHttpRequestAsync>d__122`1:MoveNext()
Cysharp.Threading.Tasks.UniTaskCompletionSourceCore`1:TrySetResult(TResult)
Spacewood.Unity.<SendHttpResponseAsync>d__123`1:MoveNext()
System.Threading.Tasks.AwaitTaskContinuation:RunCallback(ContextCallback, Object, Task&)
System.Threading.Tasks.Task:FinishContinuations()
System.Threading.Tasks.Task`1:TrySetResult(TResult)
System.Threading.Tasks.TaskCompletionSource`1:TrySetResult(TResult)
BestHTTP.Core.RequestEventHelper:HandleRequestStateChange(RequestEventInfo)
BestHTTP.Core.RequestEventHelper:ProcessQueue()
BestHTTP.HTTPManager:OnUpdate()

HTTP Response > Get https://api.teamwood.games/0.26/api/versus/datetime > <color=green>200</color>
Spacewood.Unity.ServiceWeb:HandleHttpResponse(ServiceRequestGroup)
Spacewood.Unity.<SendHttpResponseAsync>d__123`1:MoveNext()
System.Threading.Tasks.AwaitTaskContinuation:RunCallback(ContextCallback, Object, Task&)
System.Threading.Tasks.Task:FinishContinuations()
System.Threading.Tasks.Task`1:TrySetResult(TResult)
System.Threading.Tasks.TaskCompletionSource`1:TrySetResult(TResult)
BestHTTP.Core.RequestEventHelper:HandleRequestStateChange(RequestEventInfo)
BestHTTP.Core.RequestEventHelper:ProcessQueue()
BestHTTP.HTTPManager:OnUpdate()

HTTP Request > Get https://api.teamwood.games/0.26/api/versus/datetime
Spacewood.Unity.<SendHttpResponseAsync>d__123`1:MoveNext()
Spacewood.Unity.ServiceWeb:SendHttpResponseAsync(ServiceRequest, Int32)
Spacewood.Unity.<SendAndRetryHttpRequestAsync>d__122`1:MoveNext()
Spacewood.Unity.ServiceWeb:SendAndRetryHttpRequestAsync(HTTPMethods, String, Object, ServiceRequestSettings)
Spacewood.Unity.<GetHttpRequestAsync>d__121`1:MoveNext()
Spacewood.Unity.ServiceWeb:GetHttpRequestAsync(String, ServiceRequestSettings)
Spacewood.Unity.<FetchVersusServerDataTimeAsync>d__100:MoveNext()
Spacewood.Unity.ServiceWeb:FetchVersusServerDataTimeAsync()
Spacewood.Unity.Utilities.<SyncAsync>d__3:MoveNext()
Cysharp.Threading.Tasks.UniTaskCompletionSourceCore`1:TrySetResult(TResult)
Cysharp.Threading.Tasks.DelayPromise:MoveNext()
Cysharp.Threading.Tasks.Internal.PlayerLoopRunner:RunCore()

HTTP Response > Get https://api.teamwood.games/0.26/api/versus/datetime > <color=green>200</color>
Spacewood.Unity.ServiceWeb:HandleHttpResponse(ServiceRequestGroup)
Spacewood.Unity.<SendHttpResponseAsync>d__123`1:MoveNext()
System.Threading.Tasks.AwaitTaskContinuation:RunCallback(ContextCallback, Object, Task&)
System.Threading.Tasks.Task:FinishContinuations()
System.Threading.Tasks.Task`1:TrySetResult(TResult)
System.Threading.Tasks.TaskCompletionSource`1:TrySetResult(TResult)
BestHTTP.Core.RequestEventHelper:HandleRequestStateChange(RequestEventInfo)
BestHTTP.Core.RequestEventHelper:ProcessQueue()
BestHTTP.HTTPManager:OnUpdate()

HTTP Request > Get https://api.teamwood.games/0.26/api/versus/datetime
Spacewood.Unity.<SendHttpResponseAsync>d__123`1:MoveNext()
Spacewood.Unity.ServiceWeb:SendHttpResponseAsync(ServiceRequest, Int32)
Spacewood.Unity.<SendAndRetryHttpRequestAsync>d__122`1:MoveNext()
Spacewood.Unity.ServiceWeb:SendAndRetryHttpRequestAsync(HTTPMethods, String, Object, ServiceRequestSettings)
Spacewood.Unity.<GetHttpRequestAsync>d__121`1:MoveNext()
Spacewood.Unity.ServiceWeb:GetHttpRequestAsync(String, ServiceRequestSettings)
Spacewood.Unity.<FetchVersusServerDataTimeAsync>d__100:MoveNext()
Spacewood.Unity.ServiceWeb:FetchVersusServerDataTimeAsync()
Spacewood.Unity.Utilities.<SyncAsync>d__3:MoveNext()
Cysharp.Threading.Tasks.UniTaskCompletionSourceCore`1:TrySetResult(TResult)
Cysharp.Threading.Tasks.DelayPromise:MoveNext()
Cysharp.Threading.Tasks.Internal.PlayerLoopRunner:RunCore()

HTTP Response > Get https://api.teamwood.games/0.26/api/versus/datetime > <color=green>200</color>
Spacewood.Unity.ServiceWeb:HandleHttpResponse(ServiceRequestGroup)
Spacewood.Unity.<SendHttpResponseAsync>d__123`1:MoveNext()
System.Threading.Tasks.AwaitTaskContinuation:RunCallback(ContextCallback, Object, Task&)
System.Threading.Tasks.Task:FinishContinuations()
System.Threading.Tasks.Task`1:TrySetResult(TResult)
System.Threading.Tasks.TaskCompletionSource`1:TrySetResult(TResult)
BestHTTP.Core.RequestEventHelper:HandleRequestStateChange(RequestEventInfo)
BestHTTP.Core.RequestEventHelper:ProcessQueue()
BestHTTP.HTTPManager:OnUpdate()

HTTP Request > Get https://api.teamwood.games/0.26/api/versus/datetime
Spacewood.Unity.<SendHttpResponseAsync>d__123`1:MoveNext()
Spacewood.Unity.ServiceWeb:SendHttpResponseAsync(ServiceRequest, Int32)
Spacewood.Unity.<SendAndRetryHttpRequestAsync>d__122`1:MoveNext()
Spacewood.Unity.ServiceWeb:SendAndRetryHttpRequestAsync(HTTPMethods, String, Object, ServiceRequestSettings)
Spacewood.Unity.<GetHttpRequestAsync>d__121`1:MoveNext()
Spacewood.Unity.ServiceWeb:GetHttpRequestAsync(String, ServiceRequestSettings)
Spacewood.Unity.<FetchVersusServerDataTimeAsync>d__100:MoveNext()
Spacewood.Unity.ServiceWeb:FetchVersusServerDataTimeAsync()
Spacewood.Unity.Utilities.<SyncAsync>d__3:MoveNext()
Cysharp.Threading.Tasks.UniTaskCompletionSourceCore`1:TrySetResult(TResult)
Cysharp.Threading.Tasks.DelayPromise:MoveNext()
Cysharp.Threading.Tasks.Internal.PlayerLoopRunner:RunCore()

HTTP Response > Get https://api.teamwood.games/0.26/api/versus/datetime > <color=green>200</color>
Spacewood.Unity.ServiceWeb:HandleHttpResponse(ServiceRequestGroup)
Spacewood.Unity.<SendHttpResponseAsync>d__123`1:MoveNext()
System.Threading.Tasks.AwaitTaskContinuation:RunCallback(ContextCallback, Object, Task&)
System.Threading.Tasks.Task:FinishContinuations()
System.Threading.Tasks.Task`1:TrySetResult(TResult)
System.Threading.Tasks.TaskCompletionSource`1:TrySetResult(TResult)
BestHTTP.Core.RequestEventHelper:HandleRequestStateChange(RequestEventInfo)
BestHTTP.Core.RequestEventHelper:ProcessQueue()
BestHTTP.HTTPManager:OnUpdate()

HTTP Request > Get https://api.teamwood.games/0.26/api/versus/datetime
Spacewood.Unity.<SendHttpResponseAsync>d__123`1:MoveNext()
Spacewood.Unity.ServiceWeb:SendHttpResponseAsync(ServiceRequest, Int32)
Spacewood.Unity.<SendAndRetryHttpRequestAsync>d__122`1:MoveNext()
Spacewood.Unity.ServiceWeb:SendAndRetryHttpRequestAsync(HTTPMethods, String, Object, ServiceRequestSettings)
Spacewood.Unity.<GetHttpRequestAsync>d__121`1:MoveNext()
Spacewood.Unity.ServiceWeb:GetHttpRequestAsync(String, ServiceRequestSettings)
Spacewood.Unity.<FetchVersusServerDataTimeAsync>d__100:MoveNext()
Spacewood.Unity.ServiceWeb:FetchVersusServerDataTimeAsync()
Spacewood.Unity.Utilities.<SyncAsync>d__3:MoveNext()
Cysharp.Threading.Tasks.UniTaskCompletionSourceCore`1:TrySetResult(TResult)
Cysharp.Threading.Tasks.DelayPromise:MoveNext()
Cysharp.Threading.Tasks.Internal.PlayerLoopRunner:RunCore()

HTTP Response > Get https://api.teamwood.games/0.26/api/versus/datetime > <color=green>200</color>
Spacewood.Unity.ServiceWeb:HandleHttpResponse(ServiceRequestGroup)
Spacewood.Unity.<SendHttpResponseAsync>d__123`1:MoveNext()
System.Threading.Tasks.AwaitTaskContinuation:RunCallback(ContextCallback, Object, Task&)
System.Threading.Tasks.Task:FinishContinuations()
System.Threading.Tasks.Task`1:TrySetResult(TResult)
System.Threading.Tasks.TaskCompletionSource`1:TrySetResult(TResult)
BestHTTP.Core.RequestEventHelper:HandleRequestStateChange(RequestEventInfo)
BestHTTP.Core.RequestEventHelper:ProcessQueue()
BestHTTP.HTTPManager:OnUpdate()

Server offset is 2.9675849s.
Spacewood.Unity.Utilities.<SyncAsync>d__3:MoveNext()
Cysharp.Threading.Tasks.UniTaskCompletionSourceCore`1:TrySetResult(TResult)
Cysharp.Threading.Tasks.DelayPromise:MoveNext()
Cysharp.Threading.Tasks.Internal.PlayerLoopRunner:RunCore()

HTTP Request > Post https://api.teamwood.games/0.26/api/arena/queue
Spacewood.Unity.<SendHttpResponseAsync>d__123`1:MoveNext()
Spacewood.Unity.ServiceWeb:SendHttpResponseAsync(ServiceRequest, Int32)
Spacewood.Unity.<SendAndRetryHttpRequestAsync>d__122`1:MoveNext()
Spacewood.Unity.ServiceWeb:SendAndRetryHttpRequestAsync(HTTPMethods, String, Object, ServiceRequestSettings)
Spacewood.Unity.ServiceWeb:PostHttpRequestAsync(String, Object, ServiceRequestSettings)
Spacewood.Unity.<QueueArenaAsync>d__46:MoveNext()
Spacewood.Unity.ServiceWeb:QueueArenaAsync()
Spacewood.Scripts.Utilities.<QueueArena>d__0:MoveNext()
Spacewood.Scripts.Utilities.ArenaUtility:QueueArena()
Spacewood.Unity.<QueueArenaAsync>d__47:MoveNext()
Spacewood.Unity.Lobby:QueueArenaAsync()
Spacewood.Unity.Lobby:HandleArena(SelectableBase)
UnityEngine.EventSystems.ExecuteEvents:Execute(GameObject, BaseEventData, EventFunction`1)
UnityEngine.EventSystems.StandaloneInputModule:ReleaseMouse(PointerEventData, GameObject)
UnityEngine.EventSystems.StandaloneInputModule:ProcessMouseEvent(Int32)
UnityEngine.EventSystems.StandaloneInputModule:Process()

HTTP Response > Post https://api.teamwood.games/0.26/api/arena/queue > <color=green>200</color>
Spacewood.Unity.ServiceWeb:HandleHttpResponse(ServiceRequestGroup)
Spacewood.Unity.<SendHttpResponseAsync>d__123`1:MoveNext()
System.Threading.Tasks.AwaitTaskContinuation:RunCallback(ContextCallback, Object, Task&)
System.Threading.Tasks.Task:FinishContinuations()
System.Threading.Tasks.Task`1:TrySetResult(TResult)
System.Threading.Tasks.TaskCompletionSource`1:TrySetResult(TResult)
BestHTTP.Core.RequestEventHelper:HandleRequestStateChange(RequestEventInfo)
BestHTTP.Core.RequestEventHelper:ProcessQueue()
BestHTTP.HTTPManager:OnUpdate()

Unloading 6 Unused Serialized files (Serialized files now loaded: 6)
UnloadTime: 8.292212 ms
Unloading 1275 unused Assets to reduce memory usage. Loaded Objects now: 31610.
Total: 13.766921 ms (FindLiveObjects: 1.480060 ms CreateObjectMapping: 0.975167 ms MarkObjects: 10.882761 ms  DeleteObjects: 0.428482 ms)

HTTP Request > Post https://api.teamwood.games/0.26/api/build/start
Spacewood.Unity.<SendHttpResponseAsync>d__123`1:MoveNext()
Spacewood.Unity.ServiceWeb:SendHttpResponseAsync(ServiceRequest, Int32)
Spacewood.Unity.<SendAndRetryHttpRequestAsync>d__122`1:MoveNext()
Spacewood.Unity.ServiceWeb:SendAndRetryHttpRequestAsync(HTTPMethods, String, Object, ServiceRequestSettings)
Spacewood.Unity.ServiceWeb:PostHttpRequestAsync(String, Object, ServiceRequestSettings)
Spacewood.Unity.<StartTurnAsync>d__60:MoveNext()
Spacewood.Unity.ServiceWeb:StartTurnAsync(BuildModel)
Spacewood.Unity.MonoBehaviours.Build.<StartTurnAsync>d__10:MoveNext()
Spacewood.Unity.MonoBehaviours.Build.HangarMain:StartTurnAsync()
Spacewood.Unity.MonoBehaviours.Build.BuildMain:BuildShip()
Spacewood.Unity.MonoBehaviours.Build.<StartAsync>d__24:MoveNext()
Cysharp.Threading.Tasks.UniTaskCompletionSourceCore`1:TrySetResult(TResult)
Spacewood.Unity.Views.<LoadBackgroundAsync>d__12:MoveNext()
Cysharp.Threading.Tasks.UniTaskCompletionSourceCore`1:TrySetResult(TResult)
DelegateList`1:Invoke(T)
UnityEngine.ResourceManagement.AsyncOperations.AsyncOperationBase`1:InvokeCompletionEvent()
UnityEngine.ResourceManagement.AsyncOperations.AsyncOperationBase`1:Complete(TObject, Boolean, Exception, Boolean)
UnityEngine.ResourceManagement.ResourceProviders.ProvideHandle:Complete(T, Boolean, Exception)
UnityEngine.AsyncOperation:InvokeCompletionEvent()

HTTP Response > Post https://api.teamwood.games/0.26/api/build/start > <color=green>200</color>
Spacewood.Unity.ServiceWeb:HandleHttpResponse(ServiceRequestGroup)
Spacewood.Unity.<SendHttpResponseAsync>d__123`1:MoveNext()
System.Threading.Tasks.AwaitTaskContinuation:RunCallback(ContextCallback, Object, Task&)
System.Threading.Tasks.Task:FinishContinuations()
System.Threading.Tasks.Task`1:TrySetResult(TResult)
System.Threading.Tasks.TaskCompletionSource`1:TrySetResult(TResult)
BestHTTP.Core.RequestEventHelper:HandleRequestStateChange(RequestEventInfo)
BestHTTP.Core.RequestEventHelper:ProcessQueue()
BestHTTP.HTTPManager:OnUpdate()

Unloading 5 Unused Serialized files (Serialized files now loaded: 6)
UnloadTime: 4.105414 ms
Unloading 23 unused Assets to reduce memory usage. Loaded Objects now: 44665.
Total: 19.344126 ms (FindLiveObjects: 2.029382 ms CreateObjectMapping: 1.187347 ms MarkObjects: 15.968517 ms  DeleteObjects: 0.158203 ms)

HTTP Request > Get https://api.teamwood.games/0.26/api/user/current
Spacewood.Unity.<SendHttpResponseAsync>d__123`1:MoveNext()
Spacewood.Unity.ServiceWeb:SendHttpResponseAsync(ServiceRequest, Int32)
Spacewood.Unity.<SendAndRetryHttpRequestAsync>d__122`1:MoveNext()
Spacewood.Unity.ServiceWeb:SendAndRetryHttpRequestAsync(HTTPMethods, String, Object, ServiceRequestSettings)
Spacewood.Unity.<GetHttpRequestAsync>d__121`1:MoveNext()
Spacewood.Unity.ServiceWeb:GetHttpRequestAsync(String, ServiceRequestSettings)
Spacewood.Unity.<GetCurrentUserAsync>d__93:MoveNext()
Spacewood.Unity.ServiceWeb:GetCurrentUserAsync()
Spacewood.Unity.<FetchDataAsync>d__38:MoveNext()
Spacewood.Unity.Menu:FetchDataAsync()
Spacewood.Unity.<StartAsync>d__33:MoveNext()
Spacewood.Unity.Menu:StartAsync()
Spacewood.Unity.Menu:Start()

HTTP Response > Get https://api.teamwood.games/0.26/api/user/current > <color=green>200</color>
Spacewood.Unity.ServiceWeb:HandleHttpResponse(ServiceRequestGroup)
Spacewood.Unity.<SendHttpResponseAsync>d__123`1:MoveNext()
System.Threading.Tasks.AwaitTaskContinuation:RunCallback(ContextCallback, Object, Task&)
System.Threading.Tasks.Task:FinishContinuations()
System.Threading.Tasks.Task`1:TrySetResult(TResult)
System.Threading.Tasks.TaskCompletionSource`1:TrySetResult(TResult)
BestHTTP.Core.RequestEventHelper:HandleRequestStateChange(RequestEventInfo)
BestHTTP.Core.RequestEventHelper:ProcessQueue()
BestHTTP.HTTPManager:OnUpdate()

HTTP Request > Get https://api.teamwood.games/0.26/api/achievement/fetch
Spacewood.Unity.<SendHttpResponseAsync>d__123`1:MoveNext()
Spacewood.Unity.ServiceWeb:SendHttpResponseAsync(ServiceRequest, Int32)
Spacewood.Unity.<SendAndRetryHttpRequestAsync>d__122`1:MoveNext()
Spacewood.Unity.ServiceWeb:SendAndRetryHttpRequestAsync(HTTPMethods, String, Object, ServiceRequestSettings)
Spacewood.Unity.<GetHttpRequestAsync>d__121`1:MoveNext()
Spacewood.Unity.ServiceWeb:GetHttpRequestAsync(String, ServiceRequestSettings)
Spacewood.Unity.<GetAchievementAsync>d__98:MoveNext()
Spacewood.Unity.ServiceWeb:GetAchievementAsync()
Spacewood.Unity.<FetchDataAsync>d__38:MoveNext()
Cysharp.Threading.Tasks.UniTaskCompletionSourceCore`1:TrySetResult(TResult)
Spacewood.Unity.<GetCurrentUserAsync>d__93:MoveNext()
Cysharp.Threading.Tasks.UniTaskCompletionSourceCore`1:TrySetResult(TResult)
Spacewood.Unity.<GetHttpRequestAsync>d__121`1:MoveNext()
Cysharp.Threading.Tasks.UniTaskCompletionSourceCore`1:TrySetResult(TResult)
Spacewood.Unity.<SendAndRetryHttpRequestAsync>d__122`1:MoveNext()
Cysharp.Threading.Tasks.UniTaskCompletionSourceCore`1:TrySetResult(TResult)
Spacewood.Unity.<SendHttpResponseAsync>d__123`1:MoveNext()
System.Threading.Tasks.AwaitTaskContinuation:RunCallback(ContextCallback, Object, Task&)
System.Threading.Tasks.Task:FinishContinuations()
System.Threading.Tasks.Task`1:TrySetResult(TResult)
System.Threading.Tasks.TaskCompletionSource`1:TrySetResult(TResult)
BestHTTP.Core.RequestEventHelper:HandleRequestStateChange(RequestEventInfo)
BestHTTP.Core.RequestEventHelper:ProcessQueue()
BestHTTP.HTTPManager:OnUpdate()

HTTP Response > Get https://api.teamwood.games/0.26/api/achievement/fetch > <color=green>200</color>
Spacewood.Unity.ServiceWeb:HandleHttpResponse(ServiceRequestGroup)
Spacewood.Unity.<SendHttpResponseAsync>d__123`1:MoveNext()
System.Threading.Tasks.AwaitTaskContinuation:RunCallback(ContextCallback, Object, Task&)
System.Threading.Tasks.Task:FinishContinuations()
System.Threading.Tasks.Task`1:TrySetResult(TResult)
System.Threading.Tasks.TaskCompletionSource`1:TrySetResult(TResult)
BestHTTP.Core.RequestEventHelper:HandleRequestStateChange(RequestEventInfo)
BestHTTP.Core.RequestEventHelper:ProcessQueue()
BestHTTP.HTTPManager:OnUpdate()

HTTP Request > Get https://api.teamwood.games/0.26/api/deck/all
Spacewood.Unity.<SendHttpResponseAsync>d__123`1:MoveNext()
Spacewood.Unity.ServiceWeb:SendHttpResponseAsync(ServiceRequest, Int32)
Spacewood.Unity.<SendAndRetryHttpRequestAsync>d__122`1:MoveNext()
Spacewood.Unity.ServiceWeb:SendAndRetryHttpRequestAsync(HTTPMethods, String, Object, ServiceRequestSettings)
Spacewood.Unity.<GetHttpRequestAsync>d__121`1:MoveNext()
Spacewood.Unity.ServiceWeb:GetHttpRequestAsync(String, ServiceRequestSettings)
Spacewood.Unity.<GetAllDecksAsync>d__74:MoveNext()
Spacewood.Unity.ServiceWeb:GetAllDecksAsync()
Spacewood.Unity.<FetchDataAsync>d__38:MoveNext()
Cysharp.Threading.Tasks.UniTaskCompletionSourceCore`1:TrySetResult(TResult)
Spacewood.Unity.<GetAchievementAsync>d__98:MoveNext()
Cysharp.Threading.Tasks.UniTaskCompletionSourceCore`1:TrySetResult(TResult)
Spacewood.Unity.<GetHttpRequestAsync>d__121`1:MoveNext()
Cysharp.Threading.Tasks.UniTaskCompletionSourceCore`1:TrySetResult(TResult)
Spacewood.Unity.<SendAndRetryHttpRequestAsync>d__122`1:MoveNext()
Cysharp.Threading.Tasks.UniTaskCompletionSourceCore`1:TrySetResult(TResult)
Spacewood.Unity.<SendHttpResponseAsync>d__123`1:MoveNext()
System.Threading.Tasks.AwaitTaskContinuation:RunCallback(ContextCallback, Object, Task&)
System.Threading.Tasks.Task:FinishContinuations()
System.Threading.Tasks.Task`1:TrySetResult(TResult)
System.Threading.Tasks.TaskCompletionSource`1:TrySetResult(TResult)
BestHTTP.Core.RequestEventHelper:HandleRequestStateChange(RequestEventInfo)
BestHTTP.Core.RequestEventHelper:ProcessQueue()
BestHTTP.HTTPManager:OnUpdate()

HTTP Response > Get https://api.teamwood.games/0.26/api/deck/all > <color=green>200</color>
Spacewood.Unity.ServiceWeb:HandleHttpResponse(ServiceRequestGroup)
Spacewood.Unity.<SendHttpResponseAsync>d__123`1:MoveNext()
System.Threading.Tasks.AwaitTaskContinuation:RunCallback(ContextCallback, Object, Task&)
System.Threading.Tasks.Task:FinishContinuations()
System.Threading.Tasks.Task`1:TrySetResult(TResult)
System.Threading.Tasks.TaskCompletionSource`1:TrySetResult(TResult)
BestHTTP.Core.RequestEventHelper:HandleRequestStateChange(RequestEventInfo)
BestHTTP.Core.RequestEventHelper:ProcessQueue()
BestHTTP.HTTPManager:OnUpdate()

HTTP Request > Get https://api.teamwood.games/0.26/api/challenge/current
Spacewood.Unity.<SendHttpResponseAsync>d__123`1:MoveNext()
Spacewood.Unity.ServiceWeb:SendHttpResponseAsync(ServiceRequest, Int32)
Spacewood.Unity.<SendAndRetryHttpRequestAsync>d__122`1:MoveNext()
Spacewood.Unity.ServiceWeb:SendAndRetryHttpRequestAsync(HTTPMethods, String, Object, ServiceRequestSettings)
Spacewood.Unity.<GetHttpRequestAsync>d__121`1:MoveNext()
Spacewood.Unity.ServiceWeb:GetHttpRequestAsync(String, ServiceRequestSettings)
Spacewood.Unity.<GetChallengeAsync>d__99:MoveNext()
Spacewood.Unity.ServiceWeb:GetChallengeAsync()
Spacewood.Unity.<FetchDataAsync>d__38:MoveNext()
Cysharp.Threading.Tasks.UniTaskCompletionSourceCore`1:TrySetResult(TResult)
Spacewood.Unity.<GetAllDecksAsync>d__74:MoveNext()
Cysharp.Threading.Tasks.UniTaskCompletionSourceCore`1:TrySetResult(TResult)
Spacewood.Unity.<GetHttpRequestAsync>d__121`1:MoveNext()
Cysharp.Threading.Tasks.UniTaskCompletionSourceCore`1:TrySetResult(TResult)
Spacewood.Unity.<SendAndRetryHttpRequestAsync>d__122`1:MoveNext()
Cysharp.Threading.Tasks.UniTaskCompletionSourceCore`1:TrySetResult(TResult)
Spacewood.Unity.<SendHttpResponseAsync>d__123`1:MoveNext()
System.Threading.Tasks.AwaitTaskContinuation:RunCallback(ContextCallback, Object, Task&)
System.Threading.Tasks.Task:FinishContinuations()
System.Threading.Tasks.Task`1:TrySetResult(TResult)
System.Threading.Tasks.TaskCompletionSource`1:TrySetResult(TResult)
BestHTTP.Core.RequestEventHelper:HandleRequestStateChange(RequestEventInfo)
BestHTTP.Core.RequestEventHelper:ProcessQueue()
BestHTTP.HTTPManager:OnUpdate()

HTTP Response > Get https://api.teamwood.games/0.26/api/challenge/current > <color=green>200</color>
Spacewood.Unity.ServiceWeb:HandleHttpResponse(ServiceRequestGroup)
Spacewood.Unity.<SendHttpResponseAsync>d__123`1:MoveNext()
System.Threading.Tasks.AwaitTaskContinuation:RunCallback(ContextCallback, Object, Task&)
System.Threading.Tasks.Task:FinishContinuations()
System.Threading.Tasks.Task`1:TrySetResult(TResult)
System.Threading.Tasks.TaskCompletionSource`1:TrySetResult(TResult)
BestHTTP.Core.RequestEventHelper:HandleRequestStateChange(RequestEventInfo)
BestHTTP.Core.RequestEventHelper:ProcessQueue()
BestHTTP.HTTPManager:OnUpdate()

HTTP Request > Post https://api.teamwood.games/0.26/api/user/login
Spacewood.Unity.<SendHttpResponseAsync>d__123`1:MoveNext()
Spacewood.Unity.ServiceWeb:SendHttpResponseAsync(ServiceRequest, Int32)
Spacewood.Unity.<SendAndRetryHttpRequestAsync>d__122`1:MoveNext()
Spacewood.Unity.ServiceWeb:SendAndRetryHttpRequestAsync(HTTPMethods, String, Object, ServiceRequestSettings)
Spacewood.Unity.ServiceWeb:PostHttpRequestAsync(String, Object, ServiceRequestSettings)
Spacewood.Unity.<LoginAsync>d__88:MoveNext()
Spacewood.Unity.ServiceWeb:LoginAsync(String, String, ServiceRequestSettings)
Spacewood.Unity.<LogInAsync>d__16:MoveNext()
Spacewood.Unity.SignIn:LogInAsync(String, String)
Spacewood.Unity.SignIn:HandleSubmit(SelectableBase)
UnityEngine.EventSystems.ExecuteEvents:Execute(GameObject, BaseEventData, EventFunction`1)
UnityEngine.EventSystems.StandaloneInputModule:ReleaseMouse(PointerEventData, GameObject)
UnityEngine.EventSystems.StandaloneInputModule:ProcessMouseEvent(Int32)
UnityEngine.EventSystems.StandaloneInputModule:Process()

HTTP Response > Post https://api.teamwood.games/0.26/api/user/login > <color=green>200</color>
Spacewood.Unity.ServiceWeb:HandleHttpResponse(ServiceRequestGroup)
Spacewood.Unity.<SendHttpResponseAsync>d__123`1:MoveNext()
System.Threading.Tasks.AwaitTaskContinuation:RunCallback(ContextCallback, Object, Task&)
System.Threading.Tasks.Task:FinishContinuations()
System.Threading.Tasks.Task`1:TrySetResult(TResult)
System.Threading.Tasks.TaskCompletionSource`1:TrySetResult(TResult)
BestHTTP.Core.RequestEventHelper:HandleRequestStateChange(RequestEventInfo)
BestHTTP.Core.RequestEventHelper:ProcessQueue()
BestHTTP.HTTPManager:OnUpdate()

HTTP Request > Get https://api.teamwood.games/0.26/api/user/current
Spacewood.Unity.<SendHttpResponseAsync>d__123`1:MoveNext()
Spacewood.Unity.ServiceWeb:SendHttpResponseAsync(ServiceRequest, Int32)
Spacewood.Unity.<SendAndRetryHttpRequestAsync>d__122`1:MoveNext()
Spacewood.Unity.ServiceWeb:SendAndRetryHttpRequestAsync(HTTPMethods, String, Object, ServiceRequestSettings)
Spacewood.Unity.<GetHttpRequestAsync>d__121`1:MoveNext()
Spacewood.Unity.ServiceWeb:GetHttpRequestAsync(String, ServiceRequestSettings)
Spacewood.Unity.<GetCurrentUserAsync>d__93:MoveNext()
Spacewood.Unity.ServiceWeb:GetCurrentUserAsync()
Spacewood.Unity.<FetchDataAsync>d__38:MoveNext()
Spacewood.Unity.Menu:FetchDataAsync()
Spacewood.Unity.Menu:<StartAsync>b__33_0(SignIn)
Spacewood.Unity.<LogInAsync>d__16:MoveNext()
Cysharp.Threading.Tasks.UniTaskCompletionSourceCore`1:TrySetResult(TResult)
Spacewood.Unity.<LoginAsync>d__88:MoveNext()
Cysharp.Threading.Tasks.UniTaskCompletionSourceCore`1:TrySetResult(TResult)
Spacewood.Unity.<SendAndRetryHttpRequestAsync>d__122`1:MoveNext()
Cysharp.Threading.Tasks.UniTaskCompletionSourceCore`1:TrySetResult(TResult)
Spacewood.Unity.<SendHttpResponseAsync>d__123`1:MoveNext()
System.Threading.Tasks.AwaitTaskContinuation:RunCallback(ContextCallback, Object, Task&)
System.Threading.Tasks.Task:FinishContinuations()
System.Threading.Tasks.Task`1:TrySetResult(TResult)
System.Threading.Tasks.TaskCompletionSource`1:TrySetResult(TResult)
BestHTTP.Core.RequestEventHelper:HandleRequestStateChange(RequestEventInfo)
BestHTTP.Core.RequestEventHelper:ProcessQueue()
BestHTTP.HTTPManager:OnUpdate()

HTTP Request > Post https://api.teamwood.games/0.26/api/steam/login
Spacewood.Unity.<SendHttpResponseAsync>d__123`1:MoveNext()
Spacewood.Unity.ServiceWeb:SendHttpResponseAsync(ServiceRequest, Int32)
Spacewood.Unity.<SendAndRetryHttpRequestAsync>d__122`1:MoveNext()
Spacewood.Unity.ServiceWeb:SendAndRetryHttpRequestAsync(HTTPMethods, String, Object, ServiceRequestSettings)
Spacewood.Unity.ServiceWeb:PostHttpRequestAsync(String, Object, ServiceRequestSettings)
Spacewood.Unity.<HandleSteamLoginCallback>d__114:MoveNext()
System.Runtime.CompilerServices.AsyncVoidMethodBuilder:Start(TStateMachine&)
Spacewood.Unity.ServiceWeb:HandleSteamLoginCallback(GetAuthSessionTicketResponse_t)
Steamworks.Callback`1:OnRunCallback(IntPtr)
Steamworks.CallbackDispatcher:RunFrame(Boolean)

HTTP Response > Get https://api.teamwood.games/0.26/api/user/current > <color=green>200</color>
Spacewood.Unity.ServiceWeb:HandleHttpResponse(ServiceRequestGroup)
Spacewood.Unity.<SendHttpResponseAsync>d__123`1:MoveNext()
System.Threading.Tasks.AwaitTaskContinuation:RunCallback(ContextCallback, Object, Task&)
System.Threading.Tasks.Task:FinishContinuations()
System.Threading.Tasks.Task`1:TrySetResult(TResult)
System.Threading.Tasks.TaskCompletionSource`1:TrySetResult(TResult)
BestHTTP.Core.RequestEventHelper:HandleRequestStateChange(RequestEventInfo)
BestHTTP.Core.RequestEventHelper:ProcessQueue()
BestHTTP.HTTPManager:OnUpdate()

HTTP Request > Get https://api.teamwood.games/0.26/api/achievement/fetch
Spacewood.Unity.<SendHttpResponseAsync>d__123`1:MoveNext()
Spacewood.Unity.ServiceWeb:SendHttpResponseAsync(ServiceRequest, Int32)
Spacewood.Unity.<SendAndRetryHttpRequestAsync>d__122`1:MoveNext()
Spacewood.Unity.ServiceWeb:SendAndRetryHttpRequestAsync(HTTPMethods, String, Object, ServiceRequestSettings)
Spacewood.Unity.<GetHttpRequestAsync>d__121`1:MoveNext()
Spacewood.Unity.ServiceWeb:GetHttpRequestAsync(String, ServiceRequestSettings)
Spacewood.Unity.<GetAchievementAsync>d__98:MoveNext()
Spacewood.Unity.ServiceWeb:GetAchievementAsync()
Spacewood.Unity.<FetchDataAsync>d__38:MoveNext()
Cysharp.Threading.Tasks.UniTaskCompletionSourceCore`1:TrySetResult(TResult)
Spacewood.Unity.<GetCurrentUserAsync>d__93:MoveNext()
Cysharp.Threading.Tasks.UniTaskCompletionSourceCore`1:TrySetResult(TResult)
Spacewood.Unity.<GetHttpRequestAsync>d__121`1:MoveNext()
Cysharp.Threading.Tasks.UniTaskCompletionSourceCore`1:TrySetResult(TResult)
Spacewood.Unity.<SendAndRetryHttpRequestAsync>d__122`1:MoveNext()
Cysharp.Threading.Tasks.UniTaskCompletionSourceCore`1:TrySetResult(TResult)
Spacewood.Unity.<SendHttpResponseAsync>d__123`1:MoveNext()
System.Threading.Tasks.AwaitTaskContinuation:RunCallback(ContextCallback, Object, Task&)
System.Threading.Tasks.Task:FinishContinuations()
System.Threading.Tasks.Task`1:TrySetResult(TResult)
System.Threading.Tasks.TaskCompletionSource`1:TrySetResult(TResult)
BestHTTP.Core.RequestEventHelper:HandleRequestStateChange(RequestEventInfo)
BestHTTP.Core.RequestEventHelper:ProcessQueue()
BestHTTP.HTTPManager:OnUpdate()

HTTP Response > Get https://api.teamwood.games/0.26/api/achievement/fetch > <color=green>200</color>
Spacewood.Unity.ServiceWeb:HandleHttpResponse(ServiceRequestGroup)
Spacewood.Unity.<SendHttpResponseAsync>d__123`1:MoveNext()
System.Threading.Tasks.AwaitTaskContinuation:RunCallback(ContextCallback, Object, Task&)
System.Threading.Tasks.Task:FinishContinuations()
System.Threading.Tasks.Task`1:TrySetResult(TResult)
System.Threading.Tasks.TaskCompletionSource`1:TrySetResult(TResult)
BestHTTP.Core.RequestEventHelper:HandleRequestStateChange(RequestEventInfo)
BestHTTP.Core.RequestEventHelper:ProcessQueue()
BestHTTP.HTTPManager:OnUpdate()

HTTP Request > Get https://api.teamwood.games/0.26/api/deck/all
Spacewood.Unity.<SendHttpResponseAsync>d__123`1:MoveNext()
Spacewood.Unity.ServiceWeb:SendHttpResponseAsync(ServiceRequest, Int32)
Spacewood.Unity.<SendAndRetryHttpRequestAsync>d__122`1:MoveNext()
Spacewood.Unity.ServiceWeb:SendAndRetryHttpRequestAsync(HTTPMethods, String, Object, ServiceRequestSettings)
Spacewood.Unity.<GetHttpRequestAsync>d__121`1:MoveNext()
Spacewood.Unity.ServiceWeb:GetHttpRequestAsync(String, ServiceRequestSettings)
Spacewood.Unity.<GetAllDecksAsync>d__74:MoveNext()
Spacewood.Unity.ServiceWeb:GetAllDecksAsync()
Spacewood.Unity.<FetchDataAsync>d__38:MoveNext()
Cysharp.Threading.Tasks.UniTaskCompletionSourceCore`1:TrySetResult(TResult)
Spacewood.Unity.<GetAchievementAsync>d__98:MoveNext()
Cysharp.Threading.Tasks.UniTaskCompletionSourceCore`1:TrySetResult(TResult)
Spacewood.Unity.<GetHttpRequestAsync>d__121`1:MoveNext()
Cysharp.Threading.Tasks.UniTaskCompletionSourceCore`1:TrySetResult(TResult)
Spacewood.Unity.<SendAndRetryHttpRequestAsync>d__122`1:MoveNext()
Cysharp.Threading.Tasks.UniTaskCompletionSourceCore`1:TrySetResult(TResult)
Spacewood.Unity.<SendHttpResponseAsync>d__123`1:MoveNext()
System.Threading.Tasks.AwaitTaskContinuation:RunCallback(ContextCallback, Object, Task&)
System.Threading.Tasks.Task:FinishContinuations()
System.Threading.Tasks.Task`1:TrySetResult(TResult)
System.Threading.Tasks.TaskCompletionSource`1:TrySetResult(TResult)
BestHTTP.Core.RequestEventHelper:HandleRequestStateChange(RequestEventInfo)
BestHTTP.Core.RequestEventHelper:ProcessQueue()
BestHTTP.HTTPManager:OnUpdate()

HTTP Response > Post https://api.teamwood.games/0.26/api/steam/login > <color=green>200</color>
Spacewood.Unity.ServiceWeb:HandleHttpResponse(ServiceRequestGroup)
Spacewood.Unity.<SendHttpResponseAsync>d__123`1:MoveNext()
System.Threading.Tasks.AwaitTaskContinuation:RunCallback(ContextCallback, Object, Task&)
System.Threading.Tasks.Task:FinishContinuations()
System.Threading.Tasks.Task`1:TrySetResult(TResult)
System.Threading.Tasks.TaskCompletionSource`1:TrySetResult(TResult)
BestHTTP.Core.RequestEventHelper:HandleRequestStateChange(RequestEventInfo)
BestHTTP.Core.RequestEventHelper:ProcessQueue()
BestHTTP.HTTPManager:OnUpdate()

HTTP Response > Get https://api.teamwood.games/0.26/api/deck/all > <color=green>200</color>
Spacewood.Unity.ServiceWeb:HandleHttpResponse(ServiceRequestGroup)
Spacewood.Unity.<SendHttpResponseAsync>d__123`1:MoveNext()
System.Threading.Tasks.AwaitTaskContinuation:RunCallback(ContextCallback, Object, Task&)
System.Threading.Tasks.Task:FinishContinuations()
System.Threading.Tasks.Task`1:TrySetResult(TResult)
System.Threading.Tasks.TaskCompletionSource`1:TrySetResult(TResult)
BestHTTP.Core.RequestEventHelper:HandleRequestStateChange(RequestEventInfo)
BestHTTP.Core.RequestEventHelper:ProcessQueue()
BestHTTP.HTTPManager:OnUpdate()

HTTP Request > Get https://api.teamwood.games/0.26/api/challenge/current
Spacewood.Unity.<SendHttpResponseAsync>d__123`1:MoveNext()
Spacewood.Unity.ServiceWeb:SendHttpResponseAsync(ServiceRequest, Int32)
Spacewood.Unity.<SendAndRetryHttpRequestAsync>d__122`1:MoveNext()
Spacewood.Unity.ServiceWeb:SendAndRetryHttpRequestAsync(HTTPMethods, String, Object, ServiceRequestSettings)
Spacewood.Unity.<GetHttpRequestAsync>d__121`1:MoveNext()
Spacewood.Unity.ServiceWeb:GetHttpRequestAsync(String, ServiceRequestSettings)
Spacewood.Unity.<GetChallengeAsync>d__99:MoveNext()
Spacewood.Unity.ServiceWeb:GetChallengeAsync()
Spacewood.Unity.<FetchDataAsync>d__38:MoveNext()
Cysharp.Threading.Tasks.UniTaskCompletionSourceCore`1:TrySetResult(TResult)
Spacewood.Unity.<GetAllDecksAsync>d__74:MoveNext()
Cysharp.Threading.Tasks.UniTaskCompletionSourceCore`1:TrySetResult(TResult)
Spacewood.Unity.<GetHttpRequestAsync>d__121`1:MoveNext()
Cysharp.Threading.Tasks.UniTaskCompletionSourceCore`1:TrySetResult(TResult)
Spacewood.Unity.<SendAndRetryHttpRequestAsync>d__122`1:MoveNext()
Cysharp.Threading.Tasks.UniTaskCompletionSourceCore`1:TrySetResult(TResult)
Spacewood.Unity.<SendHttpResponseAsync>d__123`1:MoveNext()
System.Threading.Tasks.AwaitTaskContinuation:RunCallback(ContextCallback, Object, Task&)
System.Threading.Tasks.Task:FinishContinuations()
System.Threading.Tasks.Task`1:TrySetResult(TResult)
System.Threading.Tasks.TaskCompletionSource`1:TrySetResult(TResult)
BestHTTP.Core.RequestEventHelper:HandleRequestStateChange(RequestEventInfo)
BestHTTP.Core.RequestEventHelper:ProcessQueue()
BestHTTP.HTTPManager:OnUpdate()

HTTP Response > Get https://api.teamwood.games/0.26/api/challenge/current > <color=green>200</color>
Spacewood.Unity.ServiceWeb:HandleHttpResponse(ServiceRequestGroup)
Spacewood.Unity.<SendHttpResponseAsync>d__123`1:MoveNext()
System.Threading.Tasks.AwaitTaskContinuation:RunCallback(ContextCallback, Object, Task&)
System.Threading.Tasks.Task:FinishContinuations()
System.Threading.Tasks.Task`1:TrySetResult(TResult)
System.Threading.Tasks.TaskCompletionSource`1:TrySetResult(TResult)
BestHTTP.Core.RequestEventHelper:HandleRequestStateChange(RequestEventInfo)
BestHTTP.Core.RequestEventHelper:ProcessQueue()
BestHTTP.HTTPManager:OnUpdate()

Setting up 3 worker threads for Enlighten.
Curl error 42: Callback aborted
Memory Statistics:
[ALLOC_TEMP_TLS] TLS Allocator
  StackAllocators : 
    [ALLOC_TEMP_MAIN]
      Peak usage frame count: [4.0 KB-8.0 KB]: 27028 frames, [8.0 KB-16.0 KB]: 38 frames, [16.0 KB-32.0 KB]: 192 frames, [32.0 KB-64.0 KB]: 26 frames, [64.0 KB-128.0 KB]: 360481 frames, [2.0 MB-4.0 MB]: 4 frames
      Initial Block Size 4.0 MB
      Current Block Size 4.0 MB
      Peak Allocated Bytes 3.6 MB
      Overflow Count 0
    [ALLOC_TEMP_Loading.AsyncRead]
      Initial Block Size 64.0 KB
      Current Block Size 64.0 KB
      Peak Allocated Bytes 57.7 KB
      Overflow Count 0
    [ALLOC_TEMP_Loading.PreloadManager]
      Initial Block Size 256.0 KB
      Current Block Size 0.5 MB
      Peak Allocated Bytes 454.8 KB
      Overflow Count 4444
    [ALLOC_TEMP_Background Job.Worker 8]
      Initial Block Size 32.0 KB
      Current Block Size 36.0 KB
      Peak Allocated Bytes 32.0 KB
      Overflow Count 0
    [ALLOC_TEMP_Background Job.Worker 9]
      Initial Block Size 32.0 KB
      Current Block Size 36.0 KB
      Peak Allocated Bytes 32.0 KB
      Overflow Count 0
    [ALLOC_TEMP_Job.Worker 0]
      Initial Block Size 256.0 KB
      Current Block Size 256.0 KB
      Peak Allocated Bytes 35.9 KB
      Overflow Count 0
    [ALLOC_TEMP_Background Job.Worker 10]
      Initial Block Size 32.0 KB
      Current Block Size 32.0 KB
      Peak Allocated Bytes 66 B
      Overflow Count 0
    [ALLOC_TEMP_Background Job.Worker 14]
      Initial Block Size 32.0 KB
      Current Block Size 32.0 KB
      Peak Allocated Bytes 66 B
      Overflow Count 0
    [ALLOC_TEMP_Background Job.Worker 6]
      Initial Block Size 32.0 KB
      Current Block Size 36.0 KB
      Peak Allocated Bytes 34.5 KB
      Overflow Count 0
    [ALLOC_TEMP_Job.Worker 4]
      Initial Block Size 256.0 KB
      Current Block Size 256.0 KB
      Peak Allocated Bytes 36.2 KB
      Overflow Count 0
    [ALLOC_TEMP_Job.Worker 3]
      Initial Block Size 256.0 KB
      Current Block Size 256.0 KB
      Peak Allocated Bytes 36.2 KB
      Overflow Count 0
    [ALLOC_TEMP_Background Job.Worker 12]
      Initial Block Size 32.0 KB
      Current Block Size 32.0 KB
      Peak Allocated Bytes 66 B
      Overflow Count 0
    [ALLOC_TEMP_EnlightenWorker] x 3
      Initial Block Size 64.0 KB
      Current Block Size 64.0 KB
      Peak Allocated Bytes 0 B
      Overflow Count 0
    [ALLOC_TEMP_Background Job.Worker 15]
      Initial Block Size 32.0 KB
      Current Block Size 32.0 KB
      Peak Allocated Bytes 66 B
      Overflow Count 0
    [ALLOC_TEMP_Background Job.Worker 1]
      Initial Block Size 32.0 KB
      Current Block Size 32.0 KB
      Peak Allocated Bytes 66 B
      Overflow Count 0
    [ALLOC_TEMP_Background Job.Worker 2]
      Initial Block Size 32.0 KB
      Current Block Size 32.0 KB
      Peak Allocated Bytes 66 B
      Overflow Count 0
    [ALLOC_TEMP_Background Job.Worker 7]
      Initial Block Size 32.0 KB
      Current Block Size 36.0 KB
      Peak Allocated Bytes 32.0 KB
      Overflow Count 0
    [ALLOC_TEMP_UnityGfxDeviceWorker]
      Initial Block Size 256.0 KB
      Current Block Size 256.0 KB
      Peak Allocated Bytes 61.5 KB
      Overflow Count 0
    [ALLOC_TEMP_AssetGarbageCollectorHelper] x 5
      Initial Block Size 64.0 KB
      Current Block Size 64.0 KB
      Peak Allocated Bytes 0 B
      Overflow Count 0
    [ALLOC_TEMP_Background Job.Worker 5]
      Initial Block Size 32.0 KB
      Current Block Size 36.0 KB
      Peak Allocated Bytes 35.3 KB
      Overflow Count 0
    [ALLOC_TEMP_Background Job.Worker 13]
      Initial Block Size 32.0 KB
      Current Block Size 32.0 KB
      Peak Allocated Bytes 66 B
      Overflow Count 0
    [ALLOC_TEMP_Job.Worker 1]
      Initial Block Size 256.0 KB
      Current Block Size 256.0 KB
      Peak Allocated Bytes 35.9 KB
      Overflow Count 0
    [ALLOC_TEMP_Job.Worker 2]
      Initial Block Size 256.0 KB
      Current Block Size 256.0 KB
      Peak Allocated Bytes 35.6 KB
      Overflow Count 0
    [ALLOC_TEMP_Background Job.Worker 3]
      Initial Block Size 32.0 KB
      Current Block Size 32.0 KB
      Peak Allocated Bytes 66 B
      Overflow Count 0
    [ALLOC_TEMP_Background Job.Worker 11]
      Initial Block Size 32.0 KB
      Current Block Size 32.0 KB
      Peak Allocated Bytes 66 B
      Overflow Count 0
    [ALLOC_TEMP_Background Job.Worker 0]
      Initial Block Size 32.0 KB
      Current Block Size 32.0 KB
      Peak Allocated Bytes 115 B
      Overflow Count 1
    [ALLOC_TEMP_CloudJob.Worker 0]
      Initial Block Size 32.0 KB
      Current Block Size 32.0 KB
      Peak Allocated Bytes 3.3 KB
      Overflow Count 0
    [ALLOC_TEMP_Background Job.Worker 4]
      Initial Block Size 32.0 KB
      Current Block Size 32.0 KB
      Peak Allocated Bytes 66 B
      Overflow Count 0
    [ALLOC_TEMP_BatchDeleteObjects]
      Initial Block Size 64.0 KB
      Current Block Size 64.0 KB
      Peak Allocated Bytes 0 B
      Overflow Count 0
[ALLOC_DEFAULT] Dual Thread Allocator
  Peak main deferred allocation count 3396
    [ALLOC_BUCKET]
      Large Block size 4.0 MB
      Used Block count 1
      Peak Allocated bytes 4.0 MB
      Failed Allocations. Bucket layout:
        16B: 6 Subsections = 6144 buckets. Failed count: 465772
        32B: 30 Subsections = 15360 buckets. Failed count: 252859
        48B: 28 Subsections = 9557 buckets. Failed count: 18720
        64B: 116 Subsections = 29696 buckets. Failed count: 199448
        80B: 38 Subsections = 7782 buckets. Failed count: 557
        96B: 6 Subsections = 1024 buckets. Failed count: 8944
        112B: 13 Subsections = 1901 buckets. Failed count: 17233
        128B: 19 Subsections = 2432 buckets. Failed count: 24109
    [ALLOC_DEFAULT_MAIN]
      Peak usage frame count: [8.0 MB-16.0 MB]: 1249 frames, [16.0 MB-32.0 MB]: 386520 frames
      Requested Block Size 16.0 MB
      Peak Block count 2
      Peak Allocated memory 22.9 MB
      Peak Large allocation bytes 0 B
    [ALLOC_DEFAULT_THREAD]
      Peak usage frame count: [16.0 MB-32.0 MB]: 1249 frames, [32.0 MB-64.0 MB]: 364815 frames, [64.0 MB-128.0 MB]: 21705 frames
      Requested Block Size 16.0 MB
      Peak Block count 4
      Peak Allocated memory 68.4 MB
      Peak Large allocation bytes 16.0 MB
[ALLOC_TEMP_JOB_1_FRAME]
  Initial Block Size 2.0 MB
  Used Block Count 1
  Overflow Count (too large) 0
  Overflow Count (full) 0
[ALLOC_TEMP_JOB_2_FRAMES]
  Initial Block Size 2.0 MB
  Used Block Count 1
  Overflow Count (too large) 0
  Overflow Count (full) 0
[ALLOC_TEMP_JOB_4_FRAMES (JobTemp)]
  Initial Block Size 2.0 MB
  Used Block Count 2
  Overflow Count (too large) 0
  Overflow Count (full) 0
[ALLOC_TEMP_JOB_ASYNC (Background)]
  Initial Block Size 1.0 MB
  Used Block Count 9
  Overflow Count (too large) 0
  Overflow Count (full) 0
[ALLOC_GFX] Dual Thread Allocator
  Peak main deferred allocation count 1
    [ALLOC_BUCKET]
      Large Block size 4.0 MB
      Used Block count 1
      Peak Allocated bytes 4.0 MB
      Failed Allocations. Bucket layout:
        16B: 6 Subsections = 6144 buckets. Failed count: 465772
        32B: 30 Subsections = 15360 buckets. Failed count: 252859
        48B: 28 Subsections = 9557 buckets. Failed count: 18720
        64B: 116 Subsections = 29696 buckets. Failed count: 199448
        80B: 38 Subsections = 7782 buckets. Failed count: 557
        96B: 6 Subsections = 1024 buckets. Failed count: 8944
        112B: 13 Subsections = 1901 buckets. Failed count: 17233
        128B: 19 Subsections = 2432 buckets. Failed count: 24109
    [ALLOC_GFX_MAIN]
      Peak usage frame count: [64.0 KB-128.0 KB]: 294 frames, [128.0 KB-256.0 KB]: 22156 frames, [256.0 KB-0.5 MB]: 365232 frames, [0.5 MB-1.0 MB]: 87 frames
      Requested Block Size 16.0 MB
      Peak Block count 1
      Peak Allocated memory 0.6 MB
      Peak Large allocation bytes 0 B
    [ALLOC_GFX_THREAD]
      Peak usage frame count: [32.0 KB-64.0 KB]: 1249 frames, [2.0 MB-4.0 MB]: 364815 frames, [4.0 MB-8.0 MB]: 21705 frames
      Requested Block Size 16.0 MB
      Peak Block count 1
      Peak Allocated memory 5.7 MB
      Peak Large allocation bytes 0 B
[ALLOC_CACHEOBJECTS] Dual Thread Allocator
  Peak main deferred allocation count 42
    [ALLOC_BUCKET]
      Large Block size 4.0 MB
      Used Block count 1
      Peak Allocated bytes 4.0 MB
      Failed Allocations. Bucket layout:
        16B: 6 Subsections = 6144 buckets. Failed count: 465772
        32B: 30 Subsections = 15360 buckets. Failed count: 252859
        48B: 28 Subsections = 9557 buckets. Failed count: 18720
        64B: 116 Subsections = 29696 buckets. Failed count: 199448
        80B: 38 Subsections = 7782 buckets. Failed count: 557
        96B: 6 Subsections = 1024 buckets. Failed count: 8944
        112B: 13 Subsections = 1901 buckets. Failed count: 17233
        128B: 19 Subsections = 2432 buckets. Failed count: 24109
    [ALLOC_CACHEOBJECTS_MAIN]
      Peak usage frame count: [8.0 MB-16.0 MB]: 387769 frames
      Requested Block Size 4.0 MB
      Peak Block count 2
      Peak Allocated memory 9.8 MB
      Peak Large allocation bytes 5.5 MB
    [ALLOC_CACHEOBJECTS_THREAD]
      Peak usage frame count: [2.0 MB-4.0 MB]: 4 frames, [4.0 MB-8.0 MB]: 1245 frames, [8.0 MB-16.0 MB]: 386517 frames, [16.0 MB-32.0 MB]: 3 frames
      Requested Block Size 4.0 MB
      Peak Block count 7
      Peak Allocated memory 25.4 MB
      Peak Large allocation bytes 0 B
[ALLOC_TYPETREE] Dual Thread Allocator
  Peak main deferred allocation count 0
    [ALLOC_BUCKET]
      Large Block size 4.0 MB
      Used Block count 1
      Peak Allocated bytes 4.0 MB
      Failed Allocations. Bucket layout:
        16B: 6 Subsections = 6144 buckets. Failed count: 465772
        32B: 30 Subsections = 15360 buckets. Failed count: 252859
        48B: 28 Subsections = 9557 buckets. Failed count: 18720
        64B: 116 Subsections = 29696 buckets. Failed count: 199448
        80B: 38 Subsections = 7782 buckets. Failed count: 557
        96B: 6 Subsections = 1024 buckets. Failed count: 8944
        112B: 13 Subsections = 1901 buckets. Failed count: 17233
        128B: 19 Subsections = 2432 buckets. Failed count: 24109
    [ALLOC_TYPETREE_MAIN]
      Peak usage frame count: [16.0 KB-32.0 KB]: 387769 frames
      Requested Block Size 2.0 MB
      Peak Block count 1
      Peak Allocated memory 22.7 KB
      Peak Large allocation bytes 0 B
    [ALLOC_TYPETREE_THREAD]
      Peak usage frame count: [8.0 KB-16.0 KB]: 2 frames, [16.0 KB-32.0 KB]: 3 frames, [64.0 KB-128.0 KB]: 1 frames, [128.0 KB-256.0 KB]: 2 frames, [256.0 KB-0.5 MB]: 387761 frames
      Requested Block Size 2.0 MB
      Peak Block count 1
      Peak Allocated memory 416.8 KB
      Peak Large allocation bytes 0 B
