Setting breakpad minidump AppID = 346010
Steam_SetMinidumpSteamID:  Caching Steam ID:  76561199427934674 [API loaded no]
ZE=8
GLX_ALPHA_SIZE=8
GLX_DEPTH_SIZE=24
GLX_STENCIL_SIZE=8
GLX_SAMPLES_ARB=0
GLX_SAMPLE_BUFFERS_ARB=0
GLX_STEREO=0
GLX_CONFIG_CAVEAT=NONE

Desktop is 1920 x 1200 @ 60 Hz
Initialize engine version: 5.4.0f3 (a6d8d714de6f)
GfxDevice: creating device client; threaded=1
GLX Extensions: GLX_ARB_get_proc_address GLX_ARB_multisample GLX_EXT_visual_info GLX_EXT_visual_rating GLX_EXT_import_context GLX_SGI_video_sync GLX_SGIX_fbconfig GLX_SGIX_pbuffer GLX_SGI_swap_control GLX_EXT_swap_control GLX_EXT_swap_control_tear GLX_EXT_buffer_age GLX_ARB_create_context GLX_ARB_create_context_profile GLX_NV_float_buffer GLX_ARB_fbconfig_float GLX_EXT_texture_from_pixmap GLX_EXT_framebuffer_sRGB GLX_NV_copy_image GLX_EXT_create_context_es_profile GLX_EXT_create_context_es2_profile GLX_ARB_create_context_no_error GLX_ARB_create_context_robustness GLX_NV_delay_before_swap GLX_EXT_stereo_tree GLX_ARB_context_flush_control GLX_NV_robustness_video_memory_purge GLX_NV_multigpu_context 
Setting maxVSyncInterval to 4
Renderer: NVIDIA GeForce GTX 1050 Ti/PCIe/SSE2
Vendor:   NVIDIA Corporation
Version:  4.5.0 NVIDIA 530.41.03
GLES:     0
 GL_AMD_multi_draw_indirect GL_AMD_seamless_cubemap_per_texture GL_AMD_vertex_shader_viewport_index GL_AMD_vertex_shader_layer GL_ARB_arrays_of_arrays GL_ARB_base_instance GL_ARB_bindless_texture GL_ARB_blend_func_extended GL_ARB_buffer_storage GL_ARB_clear_buffer_object GL_ARB_clear_texture GL_ARB_clip_control GL_ARB_color_buffer_float GL_ARB_compressed_texture_pixel_storage GL_ARB_conservative_depth GL_ARB_compute_shader GL_ARB_compute_variable_group_size GL_ARB_conditional_render_inverted GL_ARB_copy_buffer GL_ARB_copy_image GL_ARB_cull_distance GL_ARB_debug_output GL_ARB_depth_buffer_float GL_ARB_depth_clamp GL_ARB_depth_texture GL_ARB_derivative_control GL_ARB_direct_state_access GL_ARB_draw_buffers GL_ARB_draw_buffers_blend GL_ARB_draw_indirect GL_ARB_draw_elements_base_vertex GL_ARB_draw_instanced GL_ARB_enhanced_layouts GL_ARB_ES2_compatibility GL_ARB_ES3_compatibility GL_ARB_ES3_1_compatibility GL_ARB_ES3_2_compatibility GL_ARB_explicit_attrib_location GL_ARB_explicit_uniform_location GL_ARB_fragmen
t_coord_conventions GL_ARB_fragment_layer_viewport GL_ARB_fragment_program GL_ARB_fragment_program_shadow GL_ARB_fragment_shader GL_ARB_fragment_shader_interlock GL_ARB_framebuffer_no_attachments GL_ARB_framebuffer_object GL_ARB_framebuffer_sRGB GL_ARB_geometry_shader4 GL_ARB_get_program_binary GL_ARB_get_texture_sub_image GL_ARB_gl_spirv GL_ARB_gpu_shader5 GL_ARB_gpu_shader_fp64 GL_ARB_gpu_shader_int64 GL_ARB_half_float_pixel GL_ARB_half_float_vertex GL_ARB_imaging GL_ARB_indirect_parameters GL_ARB_instanced_arrays GL_ARB_internalformat_query GL_ARB_internalformat_query2 GL_ARB_invalidate_subdata GL_ARB_map_buffer_alignment GL_ARB_map_buffer_range GL_ARB_multi_bind GL_ARB_multi_draw_indirect GL_ARB_multisample GL_ARB_multitexture GL_ARB_occlusion_query GL_ARB_occlusion_query2 GL_ARB_parallel_shader_compile GL_ARB_pipeline_statistics_query GL_ARB_pixel_buffer_object GL_ARB_point_parameters GL_ARB_point_sprite GL_ARB_polygon_offset_clamp GL_ARB_post_depth_coverage GL_ARB_program_interface_query GL_ARB_provoki
ng_vertex GL_ARB_query_buffer_object GL_ARB_robust_buffer_access_behavior GL_ARB_robustness GL_ARB_sample_locations GL_ARB_sample_shading GL_ARB_sampler_objects GL_ARB_seamless_cube_map GL_ARB_seamless_cubemap_per_texture GL_ARB_separate_shader_objects GL_ARB_shader_atomic_counter_ops GL_ARB_shader_atomic_counters GL_ARB_shader_ballot GL_ARB_shader_bit_encoding GL_ARB_shader_clock GL_ARB_shader_draw_parameters GL_ARB_shader_group_vote GL_ARB_shader_image_load_store GL_ARB_shader_image_size GL_ARB_shader_objects GL_ARB_shader_precision GL_ARB_shader_storage_buffer_object GL_ARB_shader_subroutine GL_ARB_shader_texture_image_samples GL_ARB_shader_texture_lod GL_ARB_shading_language_100 GL_ARB_shader_viewport_layer_array GL_ARB_shading_language_420pack GL_ARB_shading_language_include GL_ARB_shading_language_packing GL_ARB_shadow GL_ARB_sparse_buffer GL_ARB_sparse_texture GL_ARB_sparse_texture2 GL_ARB_sparse_texture_clamp GL_ARB_spirv_extensions GL_ARB_stencil_texturing GL_ARB_sync GL_ARB_tessellation_shader GL_A
RB_texture_barrier GL_ARB_texture_border_clamp GL_ARB_texture_buffer_object GL_ARB_texture_buffer_object_rgb32 GL_ARB_texture_buffer_range GL_ARB_texture_compression GL_ARB_texture_compression_bptc GL_ARB_texture_compression_rgtc GL_ARB_texture_cube_map GL_ARB_texture_cube_map_array GL_ARB_texture_env_add GL_ARB_texture_env_combine GL_ARB_texture_env_crossbar GL_ARB_texture_env_dot3 GL_ARB_texture_filter_anisotropic GL_ARB_texture_filter_minmax GL_ARB_texture_float GL_ARB_texture_gather GL_ARB_texture_mirror_clamp_to_edge GL_ARB_texture_mirrored_repeat GL_ARB_texture_multisample GL_ARB_texture_non_power_of_two GL_ARB_texture_query_levels GL_ARB_texture_query_lod GL_ARB_texture_rectangle GL_ARB_texture_rg GL_ARB_texture_rgb10_a2ui GL_ARB_texture_stencil8 GL_ARB_texture_storage GL_ARB_texture_storage_multisample GL_ARB_texture_swizzle GL_ARB_texture_view GL_ARB_timer_query GL_ARB_transform_feedback2 GL_ARB_transform_feedback3 GL_ARB_transform_feedback_instanced GL_ARB_transform_feedback_overflow_query GL_ARB_t
ranspose_matrix GL_ARB_uniform_buffer_object GL_ARB_vertex_array_bgra GL_ARB_vertex_array_object GL_ARB_vertex_attrib_64bit GL_ARB_vertex_attrib_binding GL_ARB_vertex_buffer_object GL_ARB_vertex_program GL_ARB_vertex_shader GL_ARB_vertex_type_10f_11f_11f_rev GL_ARB_vertex_type_2_10_10_10_rev GL_ARB_viewport_array GL_ARB_window_pos GL_ATI_draw_buffers GL_ATI_texture_float GL_ATI_texture_mirror_once GL_S3_s3tc GL_EXT_texture_env_add GL_EXT_abgr GL_EXT_bgra GL_EXT_bindable_uniform GL_EXT_blend_color GL_EXT_blend_equation_separate GL_EXT_blend_func_separate GL_EXT_blend_minmax GL_EXT_blend_subtract GL_EXT_compiled_vertex_array GL_EXT_Cg_shader GL_EXT_depth_bounds_test GL_EXT_direct_state_access GL_EXT_draw_buffers2 GL_EXT_draw_instanced GL_EXT_draw_range_elements GL_EXT_fog_coord GL_EXT_framebuffer_blit GL_EXT_framebuffer_multisample GL_EXTX_framebuffer_mixed_formats GL_EXT_framebuffer_multisample_blit_scaled GL_EXT_framebuffer_object GL_EXT_framebuffer_sRGB GL_EXT_geometry_shader4 GL_EXT_gpu_program_parameters 
GL_EXT_gpu_shader4 GL_EXT_multi_draw_arrays GL_EXT_multiview_texture_multisample GL_EXT_multiview_timer_query GL_EXT_packed_depth_stencil GL_EXT_packed_float GL_EXT_packed_pixels GL_EXT_pixel_buffer_object GL_EXT_point_parameters GL_EXT_polygon_offset_clamp GL_EXT_post_depth_coverage GL_EXT_provoking_vertex GL_EXT_raster_multisample GL_EXT_rescale_normal GL_EXT_secondary_color GL_EXT_separate_shader_objects GL_EXT_separate_specular_color GL_EXT_shader_image_load_formatted GL_EXT_shader_image_load_store GL_EXT_shader_integer_mix GL_EXT_shadow_funcs GL_EXT_sparse_texture2 GL_EXT_stencil_two_side GL_EXT_stencil_wrap GL_EXT_texture3D GL_EXT_texture_array GL_EXT_texture_buffer_object GL_EXT_texture_compression_dxt1 GL_EXT_texture_compression_latc GL_EXT_texture_compression_rgtc GL_EXT_texture_compression_s3tc GL_EXT_texture_cube_map GL_EXT_texture_edge_clamp GL_EXT_texture_env_combine GL_EXT_texture_env_dot3 GL_EXT_texture_filter_anisotropic GL_EXT_texture_filter_minmax GL_EXT_texture_integer GL_EXT_texture_lod G
L_EXT_texture_lod_bias GL_EXT_texture_mirror_clamp GL_EXT_texture_object GL_EXT_texture_shadow_lod GL_EXT_texture_shared_exponent GL_EXT_texture_sRGB GL_EXT_texture_sRGB_R8 GL_EXT_texture_sRGB_decode GL_EXT_texture_storage GL_EXT_texture_swizzle GL_EXT_timer_query GL_EXT_transform_feedback2 GL_EXT_vertex_array GL_EXT_vertex_array_bgra GL_EXT_vertex_attrib_64bit GL_EXT_window_rectangles GL_EXT_x11_sync_object GL_EXT_import_sync_object GL_NV_robustness_video_memory_purge GL_IBM_rasterpos_clip GL_IBM_texture_mirrored_repeat GL_KHR_context_flush_control GL_KHR_debug GL_EXT_memory_object GL_EXT_memory_object_fd GL_NV_memory_object_sparse GL_KHR_parallel_shader_compile GL_KHR_no_error GL_KHR_robust_buffer_access_behavior GL_KHR_robustness GL_EXT_semaphore GL_EXT_semaphore_fd GL_NV_timeline_semaphore GL_KHR_shader_subgroup GL_KTX_buffer_region GL_NV_alpha_to_coverage_dither_control GL_NV_bindless_multi_draw_indirect GL_NV_bindless_multi_draw_indirect_count GL_NV_bindless_texture GL_NV_blend_equation_advanced GL_NV_
blend_equation_advanced_coherent GL_NVX_blend_equation_advanced_multi_draw_buffers GL_NV_blend_minmax_factor GL_NV_blend_square GL_NV_clip_space_w_scaling GL_NV_command_list GL_NV_compute_program5 GL_NV_conditional_render GL_NV_conservative_raster GL_NV_conservative_raster_dilate GL_NV_conservative_raster_pre_snap_triangles GL_NV_copy_depth_to_color GL_NV_copy_image GL_NV_depth_buffer_float GL_NV_depth_clamp GL_NV_draw_texture GL_NV_draw_vulkan_image GL_NV_ES1_1_compatibility GL_NV_ES3_1_compatibility GL_NV_explicit_multisample GL_NV_feature_query GL_NV_fence GL_NV_fill_rectangle GL_NV_float_buffer GL_NV_fog_distance GL_NV_fragment_coverage_to_color GL_NV_fragment_program GL_NV_fragment_program_option GL_NV_fragment_program2 GL_NV_fragment_shader_interlock GL_NV_framebuffer_mixed_samples GL_NV_framebuffer_multisample_coverage GL_NV_geometry_shader4 GL_NV_geometry_shader_passthrough GL_NV_gpu_program4 GL_NV_internalformat_sample_query GL_NV_gpu_program4_1 GL_NV_gpu_program5 GL_NV_gpu_program5_mem_extended GL_
NV_gpu_program_fp64 GL_NV_gpu_shader5 GL_NV_half_float GL_NV_light_max_exponent GL_NV_memory_attachment GL_NV_multisample_coverage GL_NV_multisample_filter_hint GL_NV_occlusion_query GL_NV_packed_depth_stencil GL_NV_parameter_buffer_object GL_NV_parameter_buffer_object2 GL_NV_path_rendering GL_NV_path_rendering_shared_edge GL_NV_pixel_data_range GL_NV_point_sprite GL_NV_primitive_restart GL_NV_query_resource GL_NV_query_resource_tag GL_NV_register_combiners GL_NV_register_combiners2 GL_NV_sample_locations GL_NV_sample_mask_override_coverage GL_NV_shader_atomic_counters GL_NV_shader_atomic_float GL_NV_shader_atomic_float64 GL_NV_shader_atomic_fp16_vector GL_NV_shader_atomic_int64 GL_NV_shader_buffer_load GL_NV_shader_storage_buffer_object GL_NV_shader_subgroup_partitioned GL_NV_stereo_view_rendering GL_NV_texgen_reflection GL_NV_texture_barrier GL_NV_texture_compression_vtc GL_NV_texture_env_combine4 GL_NV_texture_multisample GL_NV_texture_rectangle GL_NV_texture_rectangle_compressed GL_NV_texture_shader GL_N
V_texture_shader2 GL_NV_texture_shader3 GL_NV_transform_feedback GL_NV_transform_feedback2 GL_NV_uniform_buffer_unified_memory GL_NV_uniform_buffer_std430_layout GL_NV_vdpau_interop GL_NV_vdpau_interop2 GL_NV_vertex_array_range GL_NV_vertex_array_range2 GL_NV_vertex_attrib_integer_64bit GL_NV_vertex_buffer_unified_memory GL_NV_vertex_program GL_NV_vertex_program1_1 GL_NV_vertex_program2 GL_NV_vertex_program2_option GL_NV_vertex_program3 GL_NV_viewport_array2 GL_NV_viewport_swizzle GL_NVX_conditional_render GL_NV_gpu_multicast GL_NVX_progress_fence GL_NVX_gpu_memory_info GL_NVX_nvenc_interop GL_NV_shader_thread_group GL_NV_shader_thread_shuffle GL_KHR_blend_equation_advanced GL_KHR_blend_equation_advanced_coherent GL_OVR_multiview GL_OVR_multiview2 GL_SGIS_generate_mipmap GL_SGIS_texture_lod GL_SGIX_depth_texture GL_SGIX_shadow GL_SUN_slice_accum
OPENGL LOG: Creating OpenGL 4.5 graphics device ; Context level  <OpenGL 4.5> ; Context handle 39838968
AudioManager: Using PulseAudio: Default Output Device
Begin MonoManager ReloadAssembly
Platform assembly: /home/louues/.local/share/Steam/steamapps/common/Besiege/Besiege_Data/Managed/UnityEngine.dll (this message is harmless)
Loading /home/louues/.local/share/Steam/steamapps/common/Besiege/Besiege_Data/Managed/UnityEngine.dll into Unity Child Domain
Platform assembly: /home/louues/.local/share/Steam/steamapps/common/Besiege/Besiege_Data/Managed/Assembly-CSharp-firstpass.dll (this message is harmless)
Loading /home/louues/.local/share/Steam/steamapps/common/Besiege/Besiege_Data/Managed/Assembly-CSharp-firstpass.dll into Unity Child Domain
Platform assembly: /home/louues/.local/share/Steam/steamapps/common/Besiege/Besiege_Data/Managed/Assembly-CSharp.dll (this message is harmless)
Loading /home/louues/.local/share/Steam/steamapps/common/Besiege/Besiege_Data/Managed/Assembly-CSharp.dll into Unity Child Domain
Platform assembly: /home/louues/.local/share/Steam/steamapps/common/Besiege/Besiege_Data/Managed/Assembly-UnityScript.dll (this message is harmless)
Loading /home/louues/.local/share/Steam/steamapps/common/Besiege/Besiege_Data/Managed/Assembly-UnityScript.dll into Unity Child Domain
Platform assembly: /home/louues/.local/share/Steam/steamapps/common/Besiege/Besiege_Data/Managed/UnityEngine.UI.dll (this message is harmless)
Loading /home/louues/.local/share/Steam/steamapps/common/Besiege/Besiege_Data/Managed/UnityEngine.UI.dll into Unity Child Domain
Platform assembly: /home/louues/.local/share/Steam/steamapps/common/Besiege/Besiege_Data/Managed/UnityEngine.Networking.dll (this message is harmless)
Loading /home/louues/.local/share/Steam/steamapps/common/Besiege/Besiege_Data/Managed/UnityEngine.Networking.dll into Unity Child Domain
Platform assembly: /home/louues/.local/share/Steam/steamapps/common/Besiege/Besiege_Data/Managed/Mono.Cecil.dll (this message is harmless)
Loading /home/louues/.local/share/Steam/steamapps/common/Besiege/Besiege_Data/Managed/Mono.Cecil.dll into Unity Child Domain
Platform assembly: /home/louues/.local/share/Steam/steamapps/common/Besiege/Besiege_Data/Managed/mcs.dll (this message is harmless)
Loading /home/louues/.local/share/Steam/steamapps/common/Besiege/Besiege_Data/Managed/mcs.dll into Unity Child Domain
Platform assembly: /home/louues/.local/share/Steam/steamapps/common/Besiege/Besiege_Data/Managed/Newtonsoft.Json.dll (this message is harmless)
Loading /home/louues/.local/share/Steam/steamapps/common/Besiege/Besiege_Data/Managed/Newtonsoft.Json.dll into Unity Child Domain
Platform assembly: /home/louues/.local/share/Steam/steamapps/common/Besiege/Besiege_Data/Managed/NATTraversalForUNET.dll (this message is harmless)
Loading /home/louues/.local/share/Steam/steamapps/common/Besiege/Besiege_Data/Managed/NATTraversalForUNET.dll into Unity Child Domain
Platform assembly: /home/louues/.local/share/Steam/steamapps/common/Besiege/Besiege_Data/Managed/Open.Nat.dll (this message is harmless)
Loading /home/louues/.local/share/Steam/steamapps/common/Besiege/Besiege_Data/Managed/Open.Nat.dll into Unity Child Domain
Platform assembly: /home/louues/.local/share/Steam/steamapps/common/Besiege/Besiege_Data/Managed/RakNetSwig.dll (this message is harmless)
Loading /home/louues/.local/share/Steam/steamapps/common/Besiege/Besiege_Data/Managed/RakNetSwig.dll into Unity Child Domain
Platform assembly: /home/louues/.local/share/Steam/steamapps/common/Besiege/Besiege_Data/Managed/System.Threading.dll (this message is harmless)
Loading /home/louues/.local/share/Steam/steamapps/common/Besiege/Besiege_Data/Managed/System.Threading.dll into Unity Child Domain
Platform assembly: /home/louues/.local/share/Steam/steamapps/common/Besiege/Besiege_Data/Managed/I18N.dll (this message is harmless)
Loading /home/louues/.local/share/Steam/steamapps/common/Besiege/Besiege_Data/Managed/I18N.dll into Unity Child Domain
Platform assembly: /home/louues/.local/share/Steam/steamapps/common/Besiege/Besiege_Data/Managed/I18N.West.dll (this message is harmless)
Loading /home/louues/.local/share/Steam/steamapps/common/Besiege/Besiege_Data/Managed/I18N.West.dll into Unity Child Domain
Platform assembly: /home/louues/.local/share/Steam/steamapps/common/Besiege/Besiege_Data/Managed/Ionic.Zip.Unity.dll (this message is harmless)
Loading /home/louues/.local/share/Steam/steamapps/common/Besiege/Besiege_Data/Managed/Ionic.Zip.Unity.dll into Unity Child Domain
Platform assembly: /home/louues/.local/share/Steam/steamapps/common/Besiege/Besiege_Data/Managed/DynamicText.dll (this message is harmless)
Loading /home/louues/.local/share/Steam/steamapps/common/Besiege/Besiege_Data/Managed/DynamicText.dll into Unity Child Domain
Platform assembly: /home/louues/.local/share/Steam/steamapps/common/Besiege/Besiege_Data/Managed/ch.sycoforge.Decal.dll (this message is harmless)
Loading /home/louues/.local/share/Steam/steamapps/common/Besiege/Besiege_Data/Managed/ch.sycoforge.Decal.dll into Unity Child Domain
Platform assembly: /home/louues/.local/share/Steam/steamapps/common/Besiege/Besiege_Data/Managed/ch.sycoforge.Logging.dll (this message is harmless)
Loading /home/louues/.local/share/Steam/steamapps/common/Besiege/Besiege_Data/Managed/ch.sycoforge.Logging.dll into Unity Child Domain
Platform assembly: /home/louues/.local/share/Steam/steamapps/common/Besiege/Besiege_Data/Managed/ch.sycoforge.Unity.Runtime.dll (this message is harmless)
Loading /home/louues/.local/share/Steam/steamapps/common/Besiege/Besiege_Data/Managed/ch.sycoforge.Unity.Runtime.dll into Unity Child Domain
- Completed reload, in  0.351 seconds
Platform assembly: /home/louues/.local/share/Steam/steamapps/common/Besiege/Besiege_Data/Managed/System.Core.dll (this message is harmless)
Platform assembly: /home/louues/.local/share/Steam/steamapps/common/Besiege/Besiege_Data/Managed/System.dll (this message is harmless)
Platform assembly: /home/louues/.local/share/Steam/steamapps/common/Besiege/Besiege_Data/Managed/System.Xml.Linq.dll (this message is harmless)
Platform assembly: /home/louues/.local/share/Steam/steamapps/common/Besiege/Besiege_Data/Managed/System.Xml.dll (this message is harmless)
Default vsync count 0
requesting resize 1920 x 1200
Using native desktop resolution 1920 x 1200
requesting fullscreen 1920 x 1200 at 0 Hz
Desktop is 1920 x 1200 @ 60 Hz
Using libudev for joystick management


Importing game controller configs
Platform assembly: /home/louues/.local/share/Steam/steamapps/common/Besiege/Besiege_Data/Managed/System.Configuration.dll (this message is harmless)
UnloadTime: 3.520000 ms
[Besiege] version: 1.25-19252, using startup arguments: 
 
(Filename: /home/builduser/buildslave/unity/build/artifacts/generated/common/runtime/UnityEngineDebugBindings.gen.cpp Line: 42)

Changing real window size to 886 x 1165
Changing real window size to 886 x 1165
Changing real window size to 1920 x 1200
Changing real window size to 1920 x 1200
Changing real window size to 1920 x 1200
Adding dictionary entry: Tutorial 1@3
 
(Filename: /home/builduser/buildslave/unity/build/artifacts/generated/common/runtime/UnityEngineDebugBindings.gen.cpp Line: 42)

Adding dictionary entry: Tutorial WASD@1
 
(Filename: /home/builduser/buildslave/unity/build/artifacts/generated/common/runtime/UnityEngineDebugBindings.gen.cpp Line: 42)

Adding dictionary entry: Tutorial 2@6
 
(Filename: /home/builduser/buildslave/unity/build/artifacts/generated/common/runtime/UnityEngineDebugBindings.gen.cpp Line: 42)

Adding dictionary entry: Tutorial 2.5@1
 
(Filename: /home/builduser/buildslave/unity/build/artifacts/generated/common/runtime/UnityEngineDebugBindings.gen.cpp Line: 42)

Adding dictionary entry: Tutorial 2.5 sim@2
 
(Filename: /home/builduser/buildslave/unity/build/artifacts/generated/common/runtime/UnityEngineDebugBindings.gen.cpp Line: 42)

Adding dictionary entry: Tutorial 3 Extra@1
 
(Filename: /home/builduser/buildslave/unity/build/artifacts/generated/common/runtime/UnityEngineDebugBindings.gen.cpp Line: 42)

Adding dictionary entry: Tutorial 3@2
 
(Filename: /home/builduser/buildslave/unity/build/artifacts/generated/common/runtime/UnityEngineDebugBindings.gen.cpp Line: 42)

Adding dictionary entry: Tutorial 3 sim@2
 
(Filename: /home/builduser/buildslave/unity/build/artifacts/generated/common/runtime/UnityEngineDebugBindings.gen.cpp Line: 42)

Adding dictionary entry: Tutorial 4@1
 
(Filename: /home/builduser/buildslave/unity/build/artifacts/generated/common/runtime/UnityEngineDebugBindings.gen.cpp Line: 42)

Adding dictionary entry: Tutorial Grounding@1
 
(Filename: /home/builduser/buildslave/unity/build/artifacts/generated/common/runtime/UnityEngineDebugBindings.gen.cpp Line: 42)

Adding dictionary entry: Tutorial 6@3
 
(Filename: /home/builduser/buildslave/unity/build/artifacts/generated/common/runtime/UnityEngineDebugBindings.gen.cpp Line: 42)

requesting resize 1920 x 1200
Using native desktop resolution 1920 x 1200
requesting fullscreen 1920 x 1200 at 0 Hz
Desktop is 1920 x 1200 @ 60 Hz
Unloading 6 Unused Serialized files (Serialized files now loaded: 0)
UnloadTime: 1.424000 ms

Unloading 3637 unused Assets to reduce memory usage. Loaded Objects now: 40378.
Total: 22.007000 ms (FindLiveObjects: 2.046000 ms CreateObjectMapping: 0.950000 ms MarkObjects: 14.828000 ms  DeleteObjects: 4.183000 ms)

requesting resize 1920 x 1200
Using native desktop resolution 1920 x 1200
requesting fullscreen 1920 x 1200 at 0 Hz
Desktop is 1920 x 1200 @ 60 Hz
Unloading 6 Unused Serialized files (Serialized files now loaded: 0)
UnloadTime: 5.770000 ms

Unloading 829 unused Assets to reduce memory usage. Loaded Objects now: 37379.
Total: 28.499001 ms (FindLiveObjects: 1.771000 ms CreateObjectMapping: 0.792000 ms MarkObjects: 14.262000 ms  DeleteObjects: 11.674000 ms)

Unloading 17 Unused Serialized files (Serialized files now loaded: 0)
-------- Shader compilation failed
#version 150
#extension GL_ARB_explicit_attrib_location : require
#extension GL_ARB_shader_bit_encoding : enable
uniform 	vec4 hlslcc_mtx4glstate_matrix_mvp[4];
uniform 	vec4 _Color;
uniform 	vec4 _MainTex_ST;
uniform 	vec4 _Texture_ST;
uniform 	vec4 __ST;
in  vec3 in_POSITION0;
in  vec3 in_TEXCOORD0;
out vec4 vs_COLOR0;
out vec2 vs_TEXCOORD0;
out vec2 vs_TEXCOORD1;
out vec2 vs_TEXCOORD2;
vec4 u_xlat0;
void main()
{
    vs_COLOR0 = _Color;
    vs_COLOR0 = clamp(vs_COLOR0, 0.0, 1.0);
    vs_TEXCOORD0.xy = in_TEXCOORD0.xy * _MainTex_ST.xy + _MainTex_ST.zw;
    vs_TEXCOORD1.xy = in_TEXCOORD0.xy * _Texture_ST.xy + _Texture_ST.zw;
    vs_TEXCOORD2.xy = in_TEXCOORD0.xy * __ST.xy + __ST.zw;
    u_xlat0 = in_POSITION0.yyyy * hlslcc_mtx4glstate_matrix_mvp[1];
    u_xlat0 = hlslcc_mtx4glstate_matrix_mvp[0] * in_POSITION0.xxxx + u_xlat0;
    u_xlat0 = hlslcc_mtx4glstate_matrix_mvp[2] * in_POSITION0.zzzz + u_xlat0;
    gl_Position = u_xlat0 + hlslcc_mtx4glstate_matrix_mvp[3];
    return;
}
-------- failed compiling:
vertex shader
0(8) : error C7528: OpenGL reserves names containing '__'

Note: Creation of internal variant of shader 'GUI/3D Text Shader Textured' failed.
WARNING: Shader Unsupported: 'GUI/3D Text Shader Textured' - Pass '' has no vertex shader
WARNING: Shader Unsupported: 'GUI/3D Text Shader Textured' - Setting to default shader.
UnloadTime: 3.780000 ms

Unloading 217 unused Assets to reduce memory usage. Loaded Objects now: 62024.
Total: 26.267000 ms (FindLiveObjects: 2.952000 ms CreateObjectMapping: 1.462000 ms MarkObjects: 20.979000 ms  DeleteObjects: 0.874000 ms)

Unloading 2 Unused Serialized files (Serialized files now loaded: 0)

Unloading 223 unused Assets to reduce memory usage. Loaded Objects now: 64037.
Total: 37.320000 ms (FindLiveObjects: 5.488000 ms CreateObjectMapping: 1.952000 ms MarkObjects: 29.240999 ms  DeleteObjects: 0.637000 ms)

Unloading 0 Unused Serialized files (Serialized files now loaded: 0)

Unloading 62 unused Assets to reduce memory usage. Loaded Objects now: 64664.
Total: 38.833000 ms (FindLiveObjects: 4.968000 ms CreateObjectMapping: 1.500000 ms MarkObjects: 32.091000 ms  DeleteObjects: 0.273000 ms)

Unloading 0 Unused Serialized files (Serialized files now loaded: 0)

Unloading 60 unused Assets to reduce memory usage. Loaded Objects now: 64736.
Total: 31.376999 ms (FindLiveObjects: 4.428000 ms CreateObjectMapping: 1.186000 ms MarkObjects: 25.505999 ms  DeleteObjects: 0.257000 ms)

Unloading 0 Unused Serialized files (Serialized files now loaded: 0)

Unloading 210 unused Assets to reduce memory usage. Loaded Objects now: 64142.
Total: 61.103001 ms (FindLiveObjects: 8.304000 ms CreateObjectMapping: 2.154000 ms MarkObjects: 49.812000 ms  DeleteObjects: 0.833000 ms)

Unloading 0 Unused Serialized files (Serialized files now loaded: 0)

Unloading 96 unused Assets to reduce memory usage. Loaded Objects now: 65429.
Total: 31.601999 ms (FindLiveObjects: 4.089000 ms CreateObjectMapping: 1.049000 ms MarkObjects: 26.056999 ms  DeleteObjects: 0.405000 ms)

Unloading 0 Unused Serialized files (Serialized files now loaded: 0)

Unloading 116 unused Assets to reduce memory usage. Loaded Objects now: 65207.
Total: 36.806000 ms (FindLiveObjects: 4.021000 ms CreateObjectMapping: 1.014000 ms MarkObjects: 31.341002 ms  DeleteObjects: 0.430000 ms)

Unloading 0 Unused Serialized files (Serialized files now loaded: 0)

Unloading 22 unused Assets to reduce memory usage. Loaded Objects now: 65263.
Total: 40.299000 ms (FindLiveObjects: 5.629000 ms CreateObjectMapping: 1.297000 ms MarkObjects: 33.248997 ms  DeleteObjects: 0.124000 ms)

Unloading 0 Unused Serialized files (Serialized files now loaded: 0)

Unloading 18 unused Assets to reduce memory usage. Loaded Objects now: 65263.
Total: 81.538002 ms (FindLiveObjects: 8.331000 ms CreateObjectMapping: 2.091000 ms MarkObjects: 70.882996 ms  DeleteObjects: 0.231000 ms)

Shader 'Custom/Stencil/VertixLit (front)': fallback shader 'Legacy/VertixLit' not found
Unloading 1 Unused Serialized files (Serialized files now loaded: 0)

Unloading 491 unused Assets to reduce memory usage. Loaded Objects now: 66897.
Total: 68.819000 ms (FindLiveObjects: 8.492001 ms CreateObjectMapping: 2.337000 ms MarkObjects: 57.186001 ms  DeleteObjects: 0.803000 ms)

Unloading 1 Unused Serialized files (Serialized files now loaded: 0)

Unloading 497 unused Assets to reduce memory usage. Loaded Objects now: 66963.
Total: 37.386002 ms (FindLiveObjects: 5.362000 ms CreateObjectMapping: 1.333000 ms MarkObjects: 29.986000 ms  DeleteObjects: 0.705000 ms)

[SteamWorkshopManager] WriteRemoteFileAsync Wrote CompletedLevels.txt (199 bytes)
 
(Filename: /home/builduser/buildslave/unity/build/artifacts/generated/common/runtime/UnityEngineDebugBindings.gen.cpp Line: 42)

Unloading 0 Unused Serialized files (Serialized files now loaded: 0)

Unloading 42 unused Assets to reduce memory usage. Loaded Objects now: 66866.
Total: 29.282000 ms (FindLiveObjects: 3.773000 ms CreateObjectMapping: 0.941000 ms MarkObjects: 24.343000 ms  DeleteObjects: 0.225000 ms)

Unloading 14 Unused Serialized files (Serialized files now loaded: 0)
UnloadTime: 25.893002 ms

Unloading 1466 unused Assets to reduce memory usage. Loaded Objects now: 70391.
Total: 34.480999 ms (FindLiveObjects: 3.273000 ms CreateObjectMapping: 0.829000 ms MarkObjects: 24.457001 ms  DeleteObjects: 5.922000 ms)

[SteamWorkshopManager] WriteRemoteFileAsync Wrote CompletedLevels.txt (199 bytes)
 
(Filename: /home/builduser/buildslave/unity/build/artifacts/generated/common/runtime/UnityEngineDebugBindings.gen.cpp Line: 42)

Unloading 0 Unused Serialized files (Serialized files now loaded: 0)

Unloading 187 unused Assets to reduce memory usage. Loaded Objects now: 69853.
Total: 40.114002 ms (FindLiveObjects: 5.310000 ms CreateObjectMapping: 1.149000 ms MarkObjects: 32.792999 ms  DeleteObjects: 0.862000 ms)

Unloading 18 Unused Serialized files (Serialized files now loaded: 0)
UnloadTime: 25.806000 ms

Unloading 1430 unused Assets to reduce memory usage. Loaded Objects now: 65583.
Total: 31.635002 ms (FindLiveObjects: 3.327000 ms CreateObjectMapping: 0.798000 ms MarkObjects: 23.215000 ms  DeleteObjects: 4.295000 ms)

[SteamWorkshopManager] WriteRemoteFileAsync Wrote CompletedLevels.txt (199 bytes)
 
(Filename: /home/builduser/buildslave/unity/build/artifacts/generated/common/runtime/UnityEngineDebugBindings.gen.cpp Line: 42)

Unloading 0 Unused Serialized files (Serialized files now loaded: 0)

Unloading 101 unused Assets to reduce memory usage. Loaded Objects now: 65561.
Total: 50.034000 ms (FindLiveObjects: 8.258000 ms CreateObjectMapping: 2.181000 ms MarkObjects: 39.370998 ms  DeleteObjects: 0.224000 ms)

Unloading 18 Unused Serialized files (Serialized files now loaded: 0)
UnloadTime: 18.837000 ms
No nodes in range for joint node (index=3 path=/LEVEL 15 WYNNFRITH'S KEEP/PHYSICS GOAL/New_Castle/Ipsilon_BrickWallWido_Matt (3))!
 
(Filename: /home/builduser/buildslave/unity/build/artifacts/generated/common/runtime/UnityEngineDebugBindings.gen.cpp Line: 42)


Unloading 1020 unused Assets to reduce memory usage. Loaded Objects now: 68418.
Total: 32.867001 ms (FindLiveObjects: 3.367000 ms CreateObjectMapping: 0.792000 ms MarkObjects: 25.257000 ms  DeleteObjects: 3.450000 ms)

Unloading 5 Unused Serialized files (Serialized files now loaded: 0)
UnloadTime: 22.011002 ms

Unloading 2274 unused Assets to reduce memory usage. Loaded Objects now: 42230.
Total: 53.568001 ms (FindLiveObjects: 2.405000 ms CreateObjectMapping: 0.897000 ms MarkObjects: 18.216002 ms  DeleteObjects: 32.049999 ms)

requesting resize 1920 x 1200
Using native desktop resolution 1920 x 1200
requesting fullscreen 1920 x 1200 at 0 Hz
Desktop is 1920 x 1200 @ 60 Hz
Unloading 6 Unused Serialized files (Serialized files now loaded: 0)
UnloadTime: 4.780000 ms

Unloading 292 unused Assets to reduce memory usage. Loaded Objects now: 39768.
Total: 29.528999 ms (FindLiveObjects: 1.901000 ms CreateObjectMapping: 0.667000 ms MarkObjects: 17.101999 ms  DeleteObjects: 9.856999 ms)

Unloading 18 Unused Serialized files (Serialized files now loaded: 0)
-------- Shader compilation failed
#version 150
#extension GL_ARB_explicit_attrib_location : require
#extension GL_ARB_shader_bit_encoding : enable
uniform 	vec4 hlslcc_mtx4glstate_matrix_mvp[4];
uniform 	vec4 _Color;
uniform 	vec4 _MainTex_ST;
uniform 	vec4 _Texture_ST;
uniform 	vec4 __ST;
in  vec3 in_POSITION0;
in  vec3 in_TEXCOORD0;
out vec4 vs_COLOR0;
out vec2 vs_TEXCOORD0;
out vec2 vs_TEXCOORD1;
out vec2 vs_TEXCOORD2;
vec4 u_xlat0;
void main()
{
    vs_COLOR0 = _Color;
    vs_COLOR0 = clamp(vs_COLOR0, 0.0, 1.0);
    vs_TEXCOORD0.xy = in_TEXCOORD0.xy * _MainTex_ST.xy + _MainTex_ST.zw;
    vs_TEXCOORD1.xy = in_TEXCOORD0.xy * _Texture_ST.xy + _Texture_ST.zw;
    vs_TEXCOORD2.xy = in_TEXCOORD0.xy * __ST.xy + __ST.zw;
    u_xlat0 = in_POSITION0.yyyy * hlslcc_mtx4glstate_matrix_mvp[1];
    u_xlat0 = hlslcc_mtx4glstate_matrix_mvp[0] * in_POSITION0.xxxx + u_xlat0;
    u_xlat0 = hlslcc_mtx4glstate_matrix_mvp[2] * in_POSITION0.zzzz + u_xlat0;
    gl_Position = u_xlat0 + hlslcc_mtx4glstate_matrix_mvp[3];
    return;
}
-------- failed compiling:
vertex shader
0(8) : error C7528: OpenGL reserves names containing '__'

Note: Creation of internal variant of shader 'GUI/3D Text Shader Textured' failed.
WARNING: Shader Unsupported: 'GUI/3D Text Shader Textured' - Pass '' has no vertex shader
WARNING: Shader Unsupported: 'GUI/3D Text Shader Textured' - Setting to default shader.
UnloadTime: 3.915000 ms
No nodes in range for joint node (index=3 path=/LEVEL 15 WYNNFRITH'S KEEP/PHYSICS GOAL/New_Castle/Ipsilon_BrickWallWido_Matt (3))!
 
(Filename: /home/builduser/buildslave/unity/build/artifacts/generated/common/runtime/UnityEngineDebugBindings.gen.cpp Line: 42)


Unloading 308 unused Assets to reduce memory usage. Loaded Objects now: 68464.
Total: 29.552999 ms (FindLiveObjects: 3.177000 ms CreateObjectMapping: 0.783000 ms MarkObjects: 24.314999 ms  DeleteObjects: 1.276000 ms)

Setting up 1 worker threads for Enlighten.
  Thread -> id: 7f3e79fde6c0 -> priority: 1 
